This file contains any messages produced by compilers while
running configure, to aid debugging if configure makes a mistake.

It was created by pcap configure 1.11.0-PRE-GIT, which was
generated by GNU Autoconf 2.71.  Invocation command line was

  $ ./configure

## --------- ##
## Platform. ##
## --------- ##

hostname = evermatos
uname -m = x86_64
uname -r = 5.14.0-1048-oem
uname -s = Linux
uname -v = #55-Ubuntu SMP Mon Aug 8 14:58:10 UTC 2022

/usr/bin/uname -p = x86_64
/bin/uname -X     = unknown

/bin/arch              = x86_64
/usr/bin/arch -k       = unknown
/usr/convex/getsysinfo = unknown
/usr/bin/hostinfo      = unknown
/bin/machine           = unknown
/usr/bin/oslevel       = unknown
/bin/universe          = unknown

PATH: /home/ssrclab1/.nix-profile/bin/
PATH: /nix/var/nix/profiles/default/bin/
PATH: /home/ssrclab1/.cargo/bin/
PATH: /home/ssrclab1/.local/bin/
PATH: /home/ssrclab1/bin/
PATH: /home/ssrclab1/.nix-profile/bin/
PATH: /nix/var/nix/profiles/default/bin/
PATH: /home/ssrclab1/.nix-profile/bin/
PATH: /nix/var/nix/profiles/default/bin/
PATH: /usr/local/sbin/
PATH: /usr/local/bin/
PATH: /usr/sbin/
PATH: /usr/bin/
PATH: /sbin/
PATH: /bin/
PATH: /usr/games/
PATH: /usr/local/games/
PATH: /snap/bin/
PATH: /snap/bin/


## ----------- ##
## Core tests. ##
## ----------- ##

configure:2786: looking for aux files: install-sh config.guess config.sub
configure:2799:  trying ./
configure:2810:   ./install-sh found
configure:2828:   ./config.guess found
configure:2828:   ./config.sub found
configure:3027: checking build system type
configure:3042: result: x86_64-pc-linux-gnu
configure:3062: checking host system type
configure:3076: result: x86_64-pc-linux-gnu
configure:3187: checking for gcc
configure:3208: found /usr/bin/gcc
configure:3219: result: gcc
configure:3572: checking for C compiler version
configure:3581: gcc --version >&5
gcc (Ubuntu 11.4.0-1ubuntu1~22.04) 11.4.0
Copyright (C) 2021 Free Software Foundation, Inc.
This is free software; see the source for copying conditions.  There is NO
warranty; not even for MERCHANTABILITY or FITNESS FOR A PARTICULAR PURPOSE.

configure:3592: $? = 0
configure:3581: gcc -v >&5
Using built-in specs.
COLLECT_GCC=gcc
COLLECT_LTO_WRAPPER=/usr/lib/gcc/x86_64-linux-gnu/11/lto-wrapper
OFFLOAD_TARGET_NAMES=nvptx-none:amdgcn-amdhsa
OFFLOAD_TARGET_DEFAULT=1
Target: x86_64-linux-gnu
Configured with: ../src/configure -v --with-pkgversion='Ubuntu 11.4.0-1ubuntu1~22.04' --with-bugurl=file:///usr/share/doc/gcc-11/README.Bugs --enable-languages=c,ada,c++,go,brig,d,fortran,objc,obj-c++,m2 --prefix=/usr --with-gcc-major-version-only --program-suffix=-11 --program-prefix=x86_64-linux-gnu- --enable-shared --enable-linker-build-id --libexecdir=/usr/lib --without-included-gettext --enable-threads=posix --libdir=/usr/lib --enable-nls --enable-bootstrap --enable-clocale=gnu --enable-libstdcxx-debug --enable-libstdcxx-time=yes --with-default-libstdcxx-abi=new --enable-gnu-unique-object --disable-vtable-verify --enable-plugin --enable-default-pie --with-system-zlib --enable-libphobos-checking=release --with-target-system-zlib=auto --enable-objc-gc=auto --enable-multiarch --disable-werror --enable-cet --with-arch-32=i686 --with-abi=m64 --with-multilib-list=m32,m64,mx32 --enable-multilib --with-tune=generic --enable-offload-targets=nvptx-none=/build/gcc-11-XeT9lY/gcc-11-11.4.0/debian/tmp-nvptx/usr,amdgcn-amdhsa=/build/gcc-11-XeT9lY/gcc-11-11.4.0/debian/tmp-gcn/usr --without-cuda-driver --enable-checking=release --build=x86_64-linux-gnu --host=x86_64-linux-gnu --target=x86_64-linux-gnu --with-build-config=bootstrap-lto-lean --enable-link-serialization=2
Thread model: posix
Supported LTO compression algorithms: zlib zstd
gcc version 11.4.0 (Ubuntu 11.4.0-1ubuntu1~22.04) 
... rest of stderr output deleted ...
configure:3592: $? = 0
configure:3581: gcc -V >&5
gcc: error: unrecognized command-line option '-V'
gcc: fatal error: no input files
compilation terminated.
configure:3592: $? = 1
configure:3581: gcc -qversion >&5
gcc: error: unrecognized command-line option '-qversion'; did you mean '--version'?
gcc: fatal error: no input files
compilation terminated.
configure:3592: $? = 1
configure:3581: gcc -version >&5
gcc: error: unrecognized command-line option '-version'
gcc: fatal error: no input files
compilation terminated.
configure:3592: $? = 1
configure:3612: checking whether the C compiler works
configure:3634: gcc    conftest.c  >&5
configure:3638: $? = 0
configure:3688: result: yes
configure:3691: checking for C compiler default output file name
configure:3693: result: a.out
configure:3699: checking for suffix of executables
configure:3706: gcc -o conftest    conftest.c  >&5
configure:3710: $? = 0
configure:3733: result: 
configure:3755: checking whether we are cross compiling
configure:3763: gcc -o conftest    conftest.c  >&5
configure:3767: $? = 0
configure:3774: ./conftest
configure:3778: $? = 0
configure:3793: result: no
configure:3798: checking for suffix of object files
configure:3821: gcc -c   conftest.c >&5
configure:3825: $? = 0
configure:3847: result: o
configure:3851: checking whether the compiler supports GNU C
configure:3871: gcc -c   conftest.c >&5
configure:3871: $? = 0
configure:3881: result: yes
configure:3892: checking whether gcc accepts -g
configure:3913: gcc -c -g  conftest.c >&5
configure:3913: $? = 0
configure:3957: result: yes
configure:3977: checking for gcc option to enable C11 features
configure:3992: gcc  -c -g -O2  conftest.c >&5
configure:3992: $? = 0
configure:4010: result: none needed
configure:4135: checking for stdio.h
configure:4135: gcc -c -g -O2  conftest.c >&5
configure:4135: $? = 0
configure:4135: result: yes
configure:4135: checking for stdlib.h
configure:4135: gcc -c -g -O2  conftest.c >&5
configure:4135: $? = 0
configure:4135: result: yes
configure:4135: checking for string.h
configure:4135: gcc -c -g -O2  conftest.c >&5
configure:4135: $? = 0
configure:4135: result: yes
configure:4135: checking for inttypes.h
configure:4135: gcc -c -g -O2  conftest.c >&5
configure:4135: $? = 0
configure:4135: result: yes
configure:4135: checking for stdint.h
configure:4135: gcc -c -g -O2  conftest.c >&5
configure:4135: $? = 0
configure:4135: result: yes
configure:4135: checking for strings.h
configure:4135: gcc -c -g -O2  conftest.c >&5
configure:4135: $? = 0
configure:4135: result: yes
configure:4135: checking for sys/stat.h
configure:4135: gcc -c -g -O2  conftest.c >&5
configure:4135: $? = 0
configure:4135: result: yes
configure:4135: checking for sys/types.h
configure:4135: gcc -c -g -O2  conftest.c >&5
configure:4135: $? = 0
configure:4135: result: yes
configure:4135: checking for unistd.h
configure:4135: gcc -c -g -O2  conftest.c >&5
configure:4135: $? = 0
configure:4135: result: yes
configure:4164: checking size of void *
configure:4170: gcc -o conftest -g -O2   conftest.c  >&5
configure:4170: $? = 0
configure:4170: ./conftest
configure:4170: $? = 0
configure:4185: result: 8
configure:4202: checking size of time_t
configure:4208: gcc -o conftest -g -O2   conftest.c  >&5
configure:4208: $? = 0
configure:4208: ./conftest
configure:4208: $? = 0
configure:4224: result: 8
configure:4248: checking whether the compiler supports the -fvisibility=hidden option
configure:4282: gcc -c -g -O2 -fvisibility=hidden  conftest.c >&5
configure:4282: $? = 0
configure:4285: result: yes
configure:4720: checking for inline
configure:4737: gcc -c -g -O2  conftest.c >&5
configure:4737: $? = 0
configure:4746: result: inline
configure:4765: checking for __atomic_load_n
configure:4833: gcc -o conftest -g -O2   conftest.c  >&5
configure:4833: $? = 0
configure:4843: result: yes
configure:4851: checking for __atomic_store_n
configure:4871: gcc -o conftest -g -O2   conftest.c  >&5
configure:4871: $? = 0
configure:4881: result: yes
configure:4900: checking for special C compiler options needed for large files
configure:4948: result: no
configure:4954: checking for _FILE_OFFSET_BITS value needed for large files
configure:4980: gcc -c -g -O2  conftest.c >&5
configure:4980: $? = 0
configure:5014: result: no
configure:5096: checking for _LARGEFILE_SOURCE value needed for large files
configure:5116: gcc -o conftest -g -O2   conftest.c  >&5
configure:5116: $? = 0
configure:5146: result: no
configure:5166: checking for sys/ioccom.h
configure:5166: gcc -c -g -O2  conftest.c >&5
conftest.c:52:10: fatal error: sys/ioccom.h: No such file or directory
   52 | #include <sys/ioccom.h>
      |          ^~~~~~~~~~~~~~
compilation terminated.
configure:5166: $? = 1
configure: failed program was:
| /* confdefs.h */
| #define PACKAGE_NAME "pcap"
| #define PACKAGE_TARNAME "pcap"
| #define PACKAGE_VERSION "1.11.0-PRE-GIT"
| #define PACKAGE_STRING "pcap 1.11.0-PRE-GIT"
| #define PACKAGE_BUGREPORT "https://github.com/the-tcpdump-group/libpcap/issues"
| #define PACKAGE_URL ""
| #define HAVE_STDIO_H 1
| #define HAVE_STDLIB_H 1
| #define HAVE_STRING_H 1
| #define HAVE_INTTYPES_H 1
| #define HAVE_STDINT_H 1
| #define HAVE_STRINGS_H 1
| #define HAVE_SYS_STAT_H 1
| #define HAVE_SYS_TYPES_H 1
| #define HAVE_UNISTD_H 1
| #define STDC_HEADERS 1
| #define SIZEOF_VOID_P 8
| #define SIZEOF_TIME_T 8
| #define HAVE___ATOMIC_LOAD_N 1
| #define HAVE___ATOMIC_STORE_N 1
| #define HAVE_FSEEKO 1
| /* end confdefs.h.  */
| #include <stddef.h>
| #ifdef HAVE_STDIO_H
| # include <stdio.h>
| #endif
| #ifdef HAVE_STDLIB_H
| # include <stdlib.h>
| #endif
| #ifdef HAVE_STRING_H
| # include <string.h>
| #endif
| #ifdef HAVE_INTTYPES_H
| # include <inttypes.h>
| #endif
| #ifdef HAVE_STDINT_H
| # include <stdint.h>
| #endif
| #ifdef HAVE_STRINGS_H
| # include <strings.h>
| #endif
| #ifdef HAVE_SYS_TYPES_H
| # include <sys/types.h>
| #endif
| #ifdef HAVE_SYS_STAT_H
| # include <sys/stat.h>
| #endif
| #ifdef HAVE_UNISTD_H
| # include <unistd.h>
| #endif
| #include <sys/ioccom.h>
configure:5166: result: no
configure:5172: checking for sys/sockio.h
configure:5172: gcc -c -g -O2  conftest.c >&5
conftest.c:52:10: fatal error: sys/sockio.h: No such file or directory
   52 | #include <sys/sockio.h>
      |          ^~~~~~~~~~~~~~
compilation terminated.
configure:5172: $? = 1
configure: failed program was:
| /* confdefs.h */
| #define PACKAGE_NAME "pcap"
| #define PACKAGE_TARNAME "pcap"
| #define PACKAGE_VERSION "1.11.0-PRE-GIT"
| #define PACKAGE_STRING "pcap 1.11.0-PRE-GIT"
| #define PACKAGE_BUGREPORT "https://github.com/the-tcpdump-group/libpcap/issues"
| #define PACKAGE_URL ""
| #define HAVE_STDIO_H 1
| #define HAVE_STDLIB_H 1
| #define HAVE_STRING_H 1
| #define HAVE_INTTYPES_H 1
| #define HAVE_STDINT_H 1
| #define HAVE_STRINGS_H 1
| #define HAVE_SYS_STAT_H 1
| #define HAVE_SYS_TYPES_H 1
| #define HAVE_UNISTD_H 1
| #define STDC_HEADERS 1
| #define SIZEOF_VOID_P 8
| #define SIZEOF_TIME_T 8
| #define HAVE___ATOMIC_LOAD_N 1
| #define HAVE___ATOMIC_STORE_N 1
| #define HAVE_FSEEKO 1
| /* end confdefs.h.  */
| #include <stddef.h>
| #ifdef HAVE_STDIO_H
| # include <stdio.h>
| #endif
| #ifdef HAVE_STDLIB_H
| # include <stdlib.h>
| #endif
| #ifdef HAVE_STRING_H
| # include <string.h>
| #endif
| #ifdef HAVE_INTTYPES_H
| # include <inttypes.h>
| #endif
| #ifdef HAVE_STDINT_H
| # include <stdint.h>
| #endif
| #ifdef HAVE_STRINGS_H
| # include <strings.h>
| #endif
| #ifdef HAVE_SYS_TYPES_H
| # include <sys/types.h>
| #endif
| #ifdef HAVE_SYS_STAT_H
| # include <sys/stat.h>
| #endif
| #ifdef HAVE_UNISTD_H
| # include <unistd.h>
| #endif
| #include <sys/sockio.h>
configure:5172: result: no
configure:5179: checking for netpacket/packet.h
configure:5179: gcc -c -g -O2  conftest.c >&5
configure:5179: $? = 0
configure:5179: result: yes
configure:5248: checking for strerror_r
configure:5248: gcc -o conftest -g -O2   conftest.c  >&5
configure:5248: $? = 0
configure:5248: result: yes
configure:5256: checking whether strerror_r is GNU-style
configure:5275: gcc -c -g -O2  conftest.c >&5
configure:5275: $? = 0
configure:5279: result: yes
configure:5315: checking for vsyslog
configure:5315: gcc -o conftest -g -O2   conftest.c  >&5
configure:5315: $? = 0
configure:5315: result: yes
configure:5326: checking for vsnprintf
configure:5326: gcc -o conftest -g -O2   conftest.c  >&5
conftest.c:43:6: warning: conflicting types for built-in function 'vsnprintf'; expected 'int(char *, long unsigned int,  const char *, __va_list_tag *)' [-Wbuiltin-declaration-mismatch]
   43 | char vsnprintf ();
      |      ^~~~~~~~~
conftest.c:35:1: note: 'vsnprintf' is declared in header '<stdio.h>'
   34 | #include <limits.h>
   35 | #undef vsnprintf
configure:5326: $? = 0
configure:5326: result: yes
configure:5334: checking for snprintf
configure:5334: gcc -o conftest -g -O2   conftest.c  >&5
conftest.c:43:6: warning: conflicting types for built-in function 'snprintf'; expected 'int(char *, long unsigned int,  const char *, ...)' [-Wbuiltin-declaration-mismatch]
   43 | char snprintf ();
      |      ^~~~~~~~
conftest.c:35:1: note: 'snprintf' is declared in header '<stdio.h>'
   34 | #include <limits.h>
   35 | #undef snprintf
configure:5334: $? = 0
configure:5334: result: yes
configure:5348: checking for vasprintf
configure:5348: gcc -o conftest -g -O2   conftest.c  >&5
configure:5348: $? = 0
configure:5348: result: yes
configure:5348: checking for asprintf
configure:5348: gcc -o conftest -g -O2   conftest.c  >&5
configure:5348: $? = 0
configure:5348: result: yes
configure:5373: checking for strlcat
configure:5373: gcc -o conftest -g -O2   conftest.c  >&5
/usr/bin/ld: /tmp/ccdUGx9C.o: in function `main':
/home/ssrclab1/Documents/Ghaf/libpcap/conftest.c:56: undefined reference to `strlcat'
collect2: error: ld returned 1 exit status
configure:5373: $? = 1
configure: failed program was:
| /* confdefs.h */
| #define PACKAGE_NAME "pcap"
| #define PACKAGE_TARNAME "pcap"
| #define PACKAGE_VERSION "1.11.0-PRE-GIT"
| #define PACKAGE_STRING "pcap 1.11.0-PRE-GIT"
| #define PACKAGE_BUGREPORT "https://github.com/the-tcpdump-group/libpcap/issues"
| #define PACKAGE_URL ""
| #define HAVE_STDIO_H 1
| #define HAVE_STDLIB_H 1
| #define HAVE_STRING_H 1
| #define HAVE_INTTYPES_H 1
| #define HAVE_STDINT_H 1
| #define HAVE_STRINGS_H 1
| #define HAVE_SYS_STAT_H 1
| #define HAVE_SYS_TYPES_H 1
| #define HAVE_UNISTD_H 1
| #define STDC_HEADERS 1
| #define SIZEOF_VOID_P 8
| #define SIZEOF_TIME_T 8
| #define HAVE___ATOMIC_LOAD_N 1
| #define HAVE___ATOMIC_STORE_N 1
| #define HAVE_FSEEKO 1
| #define HAVE_NETPACKET_PACKET_H 1
| #define HAVE_GNU_STRERROR_R /**/
| #define HAVE_VSYSLOG 1
| #define HAVE_VASPRINTF 1
| #define HAVE_ASPRINTF 1
| /* end confdefs.h.  */
| /* Define strlcat to an innocuous variant, in case <limits.h> declares strlcat.
|    For example, HP-UX 11i <limits.h> declares gettimeofday.  */
| #define strlcat innocuous_strlcat
| 
| /* System header to define __stub macros and hopefully few prototypes,
|    which can conflict with char strlcat (); below.  */
| 
| #include <limits.h>
| #undef strlcat
| 
| /* Override any GCC internal prototype to avoid an error.
|    Use char because int might match the return type of a GCC
|    builtin and then its argument prototype would still apply.  */
| #ifdef __cplusplus
| extern "C"
| #endif
| char strlcat ();
| /* The GNU C library defines this for functions which it implements
|     to always fail with ENOSYS.  Some functions are actually named
|     something starting with __ and the normal name is an alias.  */
| #if defined __stub_strlcat || defined __stub___strlcat
| choke me
| #endif
| 
| int
| main (void)
| {
| return strlcat ();
|   ;
|   return 0;
| }
configure:5373: result: no
configure:5396: checking for strlcpy
configure:5396: gcc -o conftest -g -O2   conftest.c  >&5
/usr/bin/ld: /tmp/cchRp3GL.o: in function `main':
/home/ssrclab1/Documents/Ghaf/libpcap/conftest.c:56: undefined reference to `strlcpy'
collect2: error: ld returned 1 exit status
configure:5396: $? = 1
configure: failed program was:
| /* confdefs.h */
| #define PACKAGE_NAME "pcap"
| #define PACKAGE_TARNAME "pcap"
| #define PACKAGE_VERSION "1.11.0-PRE-GIT"
| #define PACKAGE_STRING "pcap 1.11.0-PRE-GIT"
| #define PACKAGE_BUGREPORT "https://github.com/the-tcpdump-group/libpcap/issues"
| #define PACKAGE_URL ""
| #define HAVE_STDIO_H 1
| #define HAVE_STDLIB_H 1
| #define HAVE_STRING_H 1
| #define HAVE_INTTYPES_H 1
| #define HAVE_STDINT_H 1
| #define HAVE_STRINGS_H 1
| #define HAVE_SYS_STAT_H 1
| #define HAVE_SYS_TYPES_H 1
| #define HAVE_UNISTD_H 1
| #define STDC_HEADERS 1
| #define SIZEOF_VOID_P 8
| #define SIZEOF_TIME_T 8
| #define HAVE___ATOMIC_LOAD_N 1
| #define HAVE___ATOMIC_STORE_N 1
| #define HAVE_FSEEKO 1
| #define HAVE_NETPACKET_PACKET_H 1
| #define HAVE_GNU_STRERROR_R /**/
| #define HAVE_VSYSLOG 1
| #define HAVE_VASPRINTF 1
| #define HAVE_ASPRINTF 1
| /* end confdefs.h.  */
| /* Define strlcpy to an innocuous variant, in case <limits.h> declares strlcpy.
|    For example, HP-UX 11i <limits.h> declares gettimeofday.  */
| #define strlcpy innocuous_strlcpy
| 
| /* System header to define __stub macros and hopefully few prototypes,
|    which can conflict with char strlcpy (); below.  */
| 
| #include <limits.h>
| #undef strlcpy
| 
| /* Override any GCC internal prototype to avoid an error.
|    Use char because int might match the return type of a GCC
|    builtin and then its argument prototype would still apply.  */
| #ifdef __cplusplus
| extern "C"
| #endif
| char strlcpy ();
| /* The GNU C library defines this for functions which it implements
|     to always fail with ENOSYS.  Some functions are actually named
|     something starting with __ and the normal name is an alias.  */
| #if defined __stub_strlcpy || defined __stub___strlcpy
| choke me
| #endif
| 
| int
| main (void)
| {
| return strlcpy ();
|   ;
|   return 0;
| }
configure:5396: result: no
configure:5419: checking for strtok_r
configure:5419: gcc -o conftest -g -O2   conftest.c  >&5
configure:5419: $? = 0
configure:5419: result: yes
configure:5441: checking for ffs
configure:5441: gcc -o conftest -g -O2   conftest.c  >&5
conftest.c:46:6: warning: conflicting types for built-in function 'ffs'; expected 'int(int)' [-Wbuiltin-declaration-mismatch]
   46 | char ffs ();
      |      ^~~
configure:5441: $? = 0
configure:5441: result: yes
configure:5455: checking for gcc options needed to detect all undeclared functions
configure:5477: gcc -c -g -O2   conftest.c >&5
conftest.c: In function 'main':
conftest.c:35:8: error: 'strchr' undeclared (first use in this function)
   35 | (void) strchr;
      |        ^~~~~~
conftest.c:1:1: note: 'strchr' is defined in header '<string.h>'; did you forget to '#include <string.h>'?
    1 | /* confdefs.h */
conftest.c:35:8: note: each undeclared identifier is reported only once for each function it appears in
   35 | (void) strchr;
      |        ^~~~~~
configure:5477: $? = 1
configure: failed program was:
| /* confdefs.h */
| #define PACKAGE_NAME "pcap"
| #define PACKAGE_TARNAME "pcap"
| #define PACKAGE_VERSION "1.11.0-PRE-GIT"
| #define PACKAGE_STRING "pcap 1.11.0-PRE-GIT"
| #define PACKAGE_BUGREPORT "https://github.com/the-tcpdump-group/libpcap/issues"
| #define PACKAGE_URL ""
| #define HAVE_STDIO_H 1
| #define HAVE_STDLIB_H 1
| #define HAVE_STRING_H 1
| #define HAVE_INTTYPES_H 1
| #define HAVE_STDINT_H 1
| #define HAVE_STRINGS_H 1
| #define HAVE_SYS_STAT_H 1
| #define HAVE_SYS_TYPES_H 1
| #define HAVE_UNISTD_H 1
| #define STDC_HEADERS 1
| #define SIZEOF_VOID_P 8
| #define SIZEOF_TIME_T 8
| #define HAVE___ATOMIC_LOAD_N 1
| #define HAVE___ATOMIC_STORE_N 1
| #define HAVE_FSEEKO 1
| #define HAVE_NETPACKET_PACKET_H 1
| #define HAVE_GNU_STRERROR_R /**/
| #define HAVE_VSYSLOG 1
| #define HAVE_VASPRINTF 1
| #define HAVE_ASPRINTF 1
| #define HAVE_STRTOK_R 1
| #define HAVE_FFS 1
| /* end confdefs.h.  */
| 
| int
| main (void)
| {
| (void) strchr;
|   ;
|   return 0;
| }
configure:5504: gcc -c -g -O2   conftest.c >&5
configure:5504: $? = 0
configure:5521: result: none needed
configure:5535: checking whether ffs is declared
configure:5535: gcc -c -g -O2   conftest.c >&5
configure:5535: $? = 0
configure:5535: result: yes
configure:5563: checking for getaddrinfo
configure:5563: gcc -o conftest -g -O2   conftest.c  >&5
configure:5563: $? = 0
configure:5563: result: yes
configure:5760: checking for library containing putmsg
configure:5790: gcc -o conftest -g -O2   conftest.c  >&5
/usr/bin/ld: /tmp/ccH9vEYU.o: in function `main':
/home/ssrclab1/Documents/Ghaf/libpcap/conftest.c:40: undefined reference to `putmsg'
collect2: error: ld returned 1 exit status
configure:5790: $? = 1
configure: failed program was:
| /* confdefs.h */
| #define PACKAGE_NAME "pcap"
| #define PACKAGE_TARNAME "pcap"
| #define PACKAGE_VERSION "1.11.0-PRE-GIT"
| #define PACKAGE_STRING "pcap 1.11.0-PRE-GIT"
| #define PACKAGE_BUGREPORT "https://github.com/the-tcpdump-group/libpcap/issues"
| #define PACKAGE_URL ""
| #define HAVE_STDIO_H 1
| #define HAVE_STDLIB_H 1
| #define HAVE_STRING_H 1
| #define HAVE_INTTYPES_H 1
| #define HAVE_STDINT_H 1
| #define HAVE_STRINGS_H 1
| #define HAVE_SYS_STAT_H 1
| #define HAVE_SYS_TYPES_H 1
| #define HAVE_UNISTD_H 1
| #define STDC_HEADERS 1
| #define SIZEOF_VOID_P 8
| #define SIZEOF_TIME_T 8
| #define HAVE___ATOMIC_LOAD_N 1
| #define HAVE___ATOMIC_STORE_N 1
| #define HAVE_FSEEKO 1
| #define HAVE_NETPACKET_PACKET_H 1
| #define HAVE_GNU_STRERROR_R /**/
| #define HAVE_VSYSLOG 1
| #define HAVE_VASPRINTF 1
| #define HAVE_ASPRINTF 1
| #define HAVE_STRTOK_R 1
| #define HAVE_FFS 1
| #define STRINGS_H_DECLARES_FFS /**/
| /* end confdefs.h.  */
| 
| /* Override any GCC internal prototype to avoid an error.
|    Use char because int might match the return type of a GCC
|    builtin and then its argument prototype would still apply.  */
| char putmsg ();
| int
| main (void)
| {
| return putmsg ();
|   ;
|   return 0;
| }
configure:5790: gcc -o conftest -g -O2   conftest.c -lstr   >&5
/usr/bin/ld: cannot find -lstr: No such file or directory
collect2: error: ld returned 1 exit status
configure:5790: $? = 1
configure: failed program was:
| /* confdefs.h */
| #define PACKAGE_NAME "pcap"
| #define PACKAGE_TARNAME "pcap"
| #define PACKAGE_VERSION "1.11.0-PRE-GIT"
| #define PACKAGE_STRING "pcap 1.11.0-PRE-GIT"
| #define PACKAGE_BUGREPORT "https://github.com/the-tcpdump-group/libpcap/issues"
| #define PACKAGE_URL ""
| #define HAVE_STDIO_H 1
| #define HAVE_STDLIB_H 1
| #define HAVE_STRING_H 1
| #define HAVE_INTTYPES_H 1
| #define HAVE_STDINT_H 1
| #define HAVE_STRINGS_H 1
| #define HAVE_SYS_STAT_H 1
| #define HAVE_SYS_TYPES_H 1
| #define HAVE_UNISTD_H 1
| #define STDC_HEADERS 1
| #define SIZEOF_VOID_P 8
| #define SIZEOF_TIME_T 8
| #define HAVE___ATOMIC_LOAD_N 1
| #define HAVE___ATOMIC_STORE_N 1
| #define HAVE_FSEEKO 1
| #define HAVE_NETPACKET_PACKET_H 1
| #define HAVE_GNU_STRERROR_R /**/
| #define HAVE_VSYSLOG 1
| #define HAVE_VASPRINTF 1
| #define HAVE_ASPRINTF 1
| #define HAVE_STRTOK_R 1
| #define HAVE_FFS 1
| #define STRINGS_H_DECLARES_FFS /**/
| /* end confdefs.h.  */
| 
| /* Override any GCC internal prototype to avoid an error.
|    Use char because int might match the return type of a GCC
|    builtin and then its argument prototype would still apply.  */
| char putmsg ();
| int
| main (void)
| {
| return putmsg ();
|   ;
|   return 0;
| }
configure:5810: result: no
configure:5834: checking whether getnetbyname_r is declared
configure:5834: gcc -c -g -O2   conftest.c >&5
configure:5834: $? = 0
configure:5834: result: yes
configure:5839: checking for the Linux getnetbyname_r()
configure:5859: gcc -o conftest -g -O2   conftest.c  >&5
configure:5859: $? = 0
configure:5862: result: yes
configure:5964: checking whether getprotobyname_r is declared
configure:5964: gcc -c -g -O2   conftest.c >&5
configure:5964: $? = 0
configure:5964: result: yes
configure:5969: checking for the Linux getprotobyname_r()
configure:5988: gcc -o conftest -g -O2   conftest.c  >&5
configure:5988: $? = 0
configure:5991: result: yes
configure:6092: checking for ether_hostton
configure:6092: gcc -o conftest -g -O2   conftest.c  >&5
configure:6092: $? = 0
configure:6092: result: yes
configure:6106: checking whether ether_hostton is declared
configure:6106: gcc -c -g -O2   conftest.c >&5
conftest.c: In function 'main':
conftest.c:46:10: error: 'ether_hostton' undeclared (first use in this function)
   46 |   (void) ether_hostton;
      |          ^~~~~~~~~~~~~
conftest.c:46:10: note: each undeclared identifier is reported only once for each function it appears in
configure:6106: $? = 1
configure: failed program was:
| /* confdefs.h */
| #define PACKAGE_NAME "pcap"
| #define PACKAGE_TARNAME "pcap"
| #define PACKAGE_VERSION "1.11.0-PRE-GIT"
| #define PACKAGE_STRING "pcap 1.11.0-PRE-GIT"
| #define PACKAGE_BUGREPORT "https://github.com/the-tcpdump-group/libpcap/issues"
| #define PACKAGE_URL ""
| #define HAVE_STDIO_H 1
| #define HAVE_STDLIB_H 1
| #define HAVE_STRING_H 1
| #define HAVE_INTTYPES_H 1
| #define HAVE_STDINT_H 1
| #define HAVE_STRINGS_H 1
| #define HAVE_SYS_STAT_H 1
| #define HAVE_SYS_TYPES_H 1
| #define HAVE_UNISTD_H 1
| #define STDC_HEADERS 1
| #define SIZEOF_VOID_P 8
| #define SIZEOF_TIME_T 8
| #define HAVE___ATOMIC_LOAD_N 1
| #define HAVE___ATOMIC_STORE_N 1
| #define HAVE_FSEEKO 1
| #define HAVE_NETPACKET_PACKET_H 1
| #define HAVE_GNU_STRERROR_R /**/
| #define HAVE_VSYSLOG 1
| #define HAVE_VASPRINTF 1
| #define HAVE_ASPRINTF 1
| #define HAVE_STRTOK_R 1
| #define HAVE_FFS 1
| #define STRINGS_H_DECLARES_FFS /**/
| #define HAVE_LINUX_GETNETBYNAME_R 1
| #define HAVE_LINUX_GETPROTOBYNAME_R 1
| #define HAVE_ETHER_HOSTTON 1
| /* end confdefs.h.  */
| 
| #include <net/ethernet.h>
| 
| 
| int
| main (void)
| {
| #ifndef ether_hostton
| #ifdef __cplusplus
|   (void) ether_hostton;
| #else
|   (void) ether_hostton;
| #endif
| #endif
| 
|   ;
|   return 0;
| }
configure:6106: result: no
configure:6133: checking whether ether_hostton is declared
configure:6133: gcc -c -g -O2   conftest.c >&5
configure:6133: $? = 0
configure:6133: result: yes
configure:6280: checking for pthread.h
configure:6280: gcc -c -g -O2  conftest.c >&5
configure:6280: $? = 0
configure:6280: result: yes
configure:6288: checking for pthread_create
configure:6288: gcc -o conftest -g -O2   conftest.c  >&5
configure:6288: $? = 0
configure:6288: result: yes
configure:6422: checking whether to enable the instrument functions code
configure:6444: result: no
configure:6449: checking if --disable-protochain option is specified
configure:6468: result: enabled
configure:6492: checking for net/bpf.h
configure:6492: gcc -c -g -O2  conftest.c >&5
conftest.c:65:10: fatal error: net/bpf.h: No such file or directory
   65 | #include <net/bpf.h>
      |          ^~~~~~~~~~~
compilation terminated.
configure:6492: $? = 1
configure: failed program was:
| /* confdefs.h */
| #define PACKAGE_NAME "pcap"
| #define PACKAGE_TARNAME "pcap"
| #define PACKAGE_VERSION "1.11.0-PRE-GIT"
| #define PACKAGE_STRING "pcap 1.11.0-PRE-GIT"
| #define PACKAGE_BUGREPORT "https://github.com/the-tcpdump-group/libpcap/issues"
| #define PACKAGE_URL ""
| #define HAVE_STDIO_H 1
| #define HAVE_STDLIB_H 1
| #define HAVE_STRING_H 1
| #define HAVE_INTTYPES_H 1
| #define HAVE_STDINT_H 1
| #define HAVE_STRINGS_H 1
| #define HAVE_SYS_STAT_H 1
| #define HAVE_SYS_TYPES_H 1
| #define HAVE_UNISTD_H 1
| #define STDC_HEADERS 1
| #define SIZEOF_VOID_P 8
| #define SIZEOF_TIME_T 8
| #define HAVE___ATOMIC_LOAD_N 1
| #define HAVE___ATOMIC_STORE_N 1
| #define HAVE_FSEEKO 1
| #define HAVE_NETPACKET_PACKET_H 1
| #define HAVE_GNU_STRERROR_R /**/
| #define HAVE_VSYSLOG 1
| #define HAVE_VASPRINTF 1
| #define HAVE_ASPRINTF 1
| #define HAVE_STRTOK_R 1
| #define HAVE_FFS 1
| #define STRINGS_H_DECLARES_FFS /**/
| #define HAVE_LINUX_GETNETBYNAME_R 1
| #define HAVE_LINUX_GETPROTOBYNAME_R 1
| #define HAVE_ETHER_HOSTTON 1
| #define NETINET_ETHER_H_DECLARES_ETHER_HOSTTON /**/
| #define HAVE_DECL_ETHER_HOSTTON 1
| /* end confdefs.h.  */
| #include <stddef.h>
| #ifdef HAVE_STDIO_H
| # include <stdio.h>
| #endif
| #ifdef HAVE_STDLIB_H
| # include <stdlib.h>
| #endif
| #ifdef HAVE_STRING_H
| # include <string.h>
| #endif
| #ifdef HAVE_INTTYPES_H
| # include <inttypes.h>
| #endif
| #ifdef HAVE_STDINT_H
| # include <stdint.h>
| #endif
| #ifdef HAVE_STRINGS_H
| # include <strings.h>
| #endif
| #ifdef HAVE_SYS_TYPES_H
| # include <sys/types.h>
| #endif
| #ifdef HAVE_SYS_STAT_H
| # include <sys/stat.h>
| #endif
| #ifdef HAVE_UNISTD_H
| # include <unistd.h>
| #endif
| #include <net/bpf.h>
configure:6492: result: no
configure:6571: checking for linux/socket.h
configure:6571: gcc -c -g -O2  conftest.c >&5
configure:6571: $? = 0
configure:6571: result: yes
configure:6577: checking for sys/dlpi.h
configure:6577: gcc -c -g -O2  conftest.c >&5
conftest.c:66:10: fatal error: sys/dlpi.h: No such file or directory
   66 | #include <sys/dlpi.h>
      |          ^~~~~~~~~~~~
compilation terminated.
configure:6577: $? = 1
configure: failed program was:
| /* confdefs.h */
| #define PACKAGE_NAME "pcap"
| #define PACKAGE_TARNAME "pcap"
| #define PACKAGE_VERSION "1.11.0-PRE-GIT"
| #define PACKAGE_STRING "pcap 1.11.0-PRE-GIT"
| #define PACKAGE_BUGREPORT "https://github.com/the-tcpdump-group/libpcap/issues"
| #define PACKAGE_URL ""
| #define HAVE_STDIO_H 1
| #define HAVE_STDLIB_H 1
| #define HAVE_STRING_H 1
| #define HAVE_INTTYPES_H 1
| #define HAVE_STDINT_H 1
| #define HAVE_STRINGS_H 1
| #define HAVE_SYS_STAT_H 1
| #define HAVE_SYS_TYPES_H 1
| #define HAVE_UNISTD_H 1
| #define STDC_HEADERS 1
| #define SIZEOF_VOID_P 8
| #define SIZEOF_TIME_T 8
| #define HAVE___ATOMIC_LOAD_N 1
| #define HAVE___ATOMIC_STORE_N 1
| #define HAVE_FSEEKO 1
| #define HAVE_NETPACKET_PACKET_H 1
| #define HAVE_GNU_STRERROR_R /**/
| #define HAVE_VSYSLOG 1
| #define HAVE_VASPRINTF 1
| #define HAVE_ASPRINTF 1
| #define HAVE_STRTOK_R 1
| #define HAVE_FFS 1
| #define STRINGS_H_DECLARES_FFS /**/
| #define HAVE_LINUX_GETNETBYNAME_R 1
| #define HAVE_LINUX_GETPROTOBYNAME_R 1
| #define HAVE_ETHER_HOSTTON 1
| #define NETINET_ETHER_H_DECLARES_ETHER_HOSTTON /**/
| #define HAVE_DECL_ETHER_HOSTTON 1
| #define HAVE_LINUX_SOCKET_H 1
| /* end confdefs.h.  */
| #include <stddef.h>
| #ifdef HAVE_STDIO_H
| # include <stdio.h>
| #endif
| #ifdef HAVE_STDLIB_H
| # include <stdlib.h>
| #endif
| #ifdef HAVE_STRING_H
| # include <string.h>
| #endif
| #ifdef HAVE_INTTYPES_H
| # include <inttypes.h>
| #endif
| #ifdef HAVE_STDINT_H
| # include <stdint.h>
| #endif
| #ifdef HAVE_STRINGS_H
| # include <strings.h>
| #endif
| #ifdef HAVE_SYS_TYPES_H
| # include <sys/types.h>
| #endif
| #ifdef HAVE_SYS_STAT_H
| # include <sys/stat.h>
| #endif
| #ifdef HAVE_UNISTD_H
| # include <unistd.h>
| #endif
| #include <sys/dlpi.h>
configure:6577: result: no
configure:6584: checking for config/HaikuConfig.h
configure:6584: gcc -c -g -O2  conftest.c >&5
conftest.c:66:10: fatal error: config/HaikuConfig.h: No such file or directory
   66 | #include <config/HaikuConfig.h>
      |          ^~~~~~~~~~~~~~~~~~~~~~
compilation terminated.
configure:6584: $? = 1
configure: failed program was:
| /* confdefs.h */
| #define PACKAGE_NAME "pcap"
| #define PACKAGE_TARNAME "pcap"
| #define PACKAGE_VERSION "1.11.0-PRE-GIT"
| #define PACKAGE_STRING "pcap 1.11.0-PRE-GIT"
| #define PACKAGE_BUGREPORT "https://github.com/the-tcpdump-group/libpcap/issues"
| #define PACKAGE_URL ""
| #define HAVE_STDIO_H 1
| #define HAVE_STDLIB_H 1
| #define HAVE_STRING_H 1
| #define HAVE_INTTYPES_H 1
| #define HAVE_STDINT_H 1
| #define HAVE_STRINGS_H 1
| #define HAVE_SYS_STAT_H 1
| #define HAVE_SYS_TYPES_H 1
| #define HAVE_UNISTD_H 1
| #define STDC_HEADERS 1
| #define SIZEOF_VOID_P 8
| #define SIZEOF_TIME_T 8
| #define HAVE___ATOMIC_LOAD_N 1
| #define HAVE___ATOMIC_STORE_N 1
| #define HAVE_FSEEKO 1
| #define HAVE_NETPACKET_PACKET_H 1
| #define HAVE_GNU_STRERROR_R /**/
| #define HAVE_VSYSLOG 1
| #define HAVE_VASPRINTF 1
| #define HAVE_ASPRINTF 1
| #define HAVE_STRTOK_R 1
| #define HAVE_FFS 1
| #define STRINGS_H_DECLARES_FFS /**/
| #define HAVE_LINUX_GETNETBYNAME_R 1
| #define HAVE_LINUX_GETPROTOBYNAME_R 1
| #define HAVE_ETHER_HOSTTON 1
| #define NETINET_ETHER_H_DECLARES_ETHER_HOSTTON /**/
| #define HAVE_DECL_ETHER_HOSTTON 1
| #define HAVE_LINUX_SOCKET_H 1
| /* end confdefs.h.  */
| #include <stddef.h>
| #ifdef HAVE_STDIO_H
| # include <stdio.h>
| #endif
| #ifdef HAVE_STDLIB_H
| # include <stdlib.h>
| #endif
| #ifdef HAVE_STRING_H
| # include <string.h>
| #endif
| #ifdef HAVE_INTTYPES_H
| # include <inttypes.h>
| #endif
| #ifdef HAVE_STDINT_H
| # include <stdint.h>
| #endif
| #ifdef HAVE_STRINGS_H
| # include <strings.h>
| #endif
| #ifdef HAVE_SYS_TYPES_H
| # include <sys/types.h>
| #endif
| #ifdef HAVE_SYS_STAT_H
| # include <sys/stat.h>
| #endif
| #ifdef HAVE_UNISTD_H
| # include <unistd.h>
| #endif
| #include <config/HaikuConfig.h>
configure:6584: result: no
configure:6591: checking for hurd.h
configure:6591: gcc -c -g -O2  conftest.c >&5
conftest.c:66:10: fatal error: hurd.h: No such file or directory
   66 | #include <hurd.h>
      |          ^~~~~~~~
compilation terminated.
configure:6591: $? = 1
configure: failed program was:
| /* confdefs.h */
| #define PACKAGE_NAME "pcap"
| #define PACKAGE_TARNAME "pcap"
| #define PACKAGE_VERSION "1.11.0-PRE-GIT"
| #define PACKAGE_STRING "pcap 1.11.0-PRE-GIT"
| #define PACKAGE_BUGREPORT "https://github.com/the-tcpdump-group/libpcap/issues"
| #define PACKAGE_URL ""
| #define HAVE_STDIO_H 1
| #define HAVE_STDLIB_H 1
| #define HAVE_STRING_H 1
| #define HAVE_INTTYPES_H 1
| #define HAVE_STDINT_H 1
| #define HAVE_STRINGS_H 1
| #define HAVE_SYS_STAT_H 1
| #define HAVE_SYS_TYPES_H 1
| #define HAVE_UNISTD_H 1
| #define STDC_HEADERS 1
| #define SIZEOF_VOID_P 8
| #define SIZEOF_TIME_T 8
| #define HAVE___ATOMIC_LOAD_N 1
| #define HAVE___ATOMIC_STORE_N 1
| #define HAVE_FSEEKO 1
| #define HAVE_NETPACKET_PACKET_H 1
| #define HAVE_GNU_STRERROR_R /**/
| #define HAVE_VSYSLOG 1
| #define HAVE_VASPRINTF 1
| #define HAVE_ASPRINTF 1
| #define HAVE_STRTOK_R 1
| #define HAVE_FFS 1
| #define STRINGS_H_DECLARES_FFS /**/
| #define HAVE_LINUX_GETNETBYNAME_R 1
| #define HAVE_LINUX_GETPROTOBYNAME_R 1
| #define HAVE_ETHER_HOSTTON 1
| #define NETINET_ETHER_H_DECLARES_ETHER_HOSTTON /**/
| #define HAVE_DECL_ETHER_HOSTTON 1
| #define HAVE_LINUX_SOCKET_H 1
| /* end confdefs.h.  */
| #include <stddef.h>
| #ifdef HAVE_STDIO_H
| # include <stdio.h>
| #endif
| #ifdef HAVE_STDLIB_H
| # include <stdlib.h>
| #endif
| #ifdef HAVE_STRING_H
| # include <string.h>
| #endif
| #ifdef HAVE_INTTYPES_H
| # include <inttypes.h>
| #endif
| #ifdef HAVE_STDINT_H
| # include <stdint.h>
| #endif
| #ifdef HAVE_STRINGS_H
| # include <strings.h>
| #endif
| #ifdef HAVE_SYS_TYPES_H
| # include <sys/types.h>
| #endif
| #ifdef HAVE_SYS_STAT_H
| # include <sys/stat.h>
| #endif
| #ifdef HAVE_UNISTD_H
| # include <unistd.h>
| #endif
| #include <hurd.h>
configure:6591: result: no
configure:6655: checking packet capture type
configure:6657: result: linux
configure:6723: checking for pkg-config
configure:6746: found /usr/bin/pkg-config
configure:6758: result: /usr/bin/pkg-config
configure:6783: checking pkg-config is at least version 0.17.0
configure:6786: result: yes
configure:6800: checking for brew
configure:6838: result: no
configure:7102: checking for linux/wireless.h
configure:7102: gcc -c -g -O2  conftest.c >&5
configure:7102: $? = 0
configure:7102: result: yes
configure:7139: checking for libnl-genl-3.0 with pkg-config
configure:7143: $PKG_CONFIG --exists --print-errors "libnl-genl-3.0"
Package libnl-genl-3.0 was not found in the pkg-config search path.
Perhaps you should add the directory containing `libnl-genl-3.0.pc'
to the PKG_CONFIG_PATH environment variable
No package 'libnl-genl-3.0' found
configure:7146: $? = 1
configure:7237: result: not found
configure:7269: checking for nl_socket_alloc in -lnl-3
configure:7292: gcc -o conftest -g -O2   conftest.c -lnl-3 -I/usr/include/libnl3  -lnl-genl-3 -lnl-3   >&5
/usr/bin/ld: cannot find -lnl-3: No such file or directory
/usr/bin/ld: cannot find -lnl-genl-3: No such file or directory
/usr/bin/ld: cannot find -lnl-3: No such file or directory
collect2: error: ld returned 1 exit status
configure:7292: $? = 1
configure: failed program was:
| /* confdefs.h */
| #define PACKAGE_NAME "pcap"
| #define PACKAGE_TARNAME "pcap"
| #define PACKAGE_VERSION "1.11.0-PRE-GIT"
| #define PACKAGE_STRING "pcap 1.11.0-PRE-GIT"
| #define PACKAGE_BUGREPORT "https://github.com/the-tcpdump-group/libpcap/issues"
| #define PACKAGE_URL ""
| #define HAVE_STDIO_H 1
| #define HAVE_STDLIB_H 1
| #define HAVE_STRING_H 1
| #define HAVE_INTTYPES_H 1
| #define HAVE_STDINT_H 1
| #define HAVE_STRINGS_H 1
| #define HAVE_SYS_STAT_H 1
| #define HAVE_SYS_TYPES_H 1
| #define HAVE_UNISTD_H 1
| #define STDC_HEADERS 1
| #define SIZEOF_VOID_P 8
| #define SIZEOF_TIME_T 8
| #define HAVE___ATOMIC_LOAD_N 1
| #define HAVE___ATOMIC_STORE_N 1
| #define HAVE_FSEEKO 1
| #define HAVE_NETPACKET_PACKET_H 1
| #define HAVE_GNU_STRERROR_R /**/
| #define HAVE_VSYSLOG 1
| #define HAVE_VASPRINTF 1
| #define HAVE_ASPRINTF 1
| #define HAVE_STRTOK_R 1
| #define HAVE_FFS 1
| #define STRINGS_H_DECLARES_FFS /**/
| #define HAVE_LINUX_GETNETBYNAME_R 1
| #define HAVE_LINUX_GETPROTOBYNAME_R 1
| #define HAVE_ETHER_HOSTTON 1
| #define NETINET_ETHER_H_DECLARES_ETHER_HOSTTON /**/
| #define HAVE_DECL_ETHER_HOSTTON 1
| #define HAVE_LINUX_SOCKET_H 1
| #define HAVE_LINUX_WIRELESS_H 1
| /* end confdefs.h.  */
| 
| /* Override any GCC internal prototype to avoid an error.
|    Use char because int might match the return type of a GCC
|    builtin and then its argument prototype would still apply.  */
| char nl_socket_alloc ();
| int
| main (void)
| {
| return nl_socket_alloc ();
|   ;
|   return 0;
| }
configure:7302: result: no
configure:7342: checking for struct tpacket_auxdata.tp_vlan_tci
configure:7342: gcc -c -g -O2  conftest.c >&5
configure:7342: $? = 0
configure:7342: result: yes
configure:7479: checking for getifaddrs
configure:7479: gcc -o conftest -g -O2   conftest.c  >&5
configure:7479: $? = 0
configure:7479: result: yes
configure:7487: checking for ifaddrs.h
configure:7487: gcc -c -g -O2  conftest.c >&5
configure:7487: $? = 0
configure:7487: result: yes
configure:7576: checking for linux/net_tstamp.h
configure:7576: gcc -c -g -O2  conftest.c >&5
configure:7576: $? = 0
configure:7576: result: yes
configure:7593: checking for socklen_t
configure:7593: gcc -c -g -O2  conftest.c >&5
configure:7593: $? = 0
configure:7593: gcc -c -g -O2  conftest.c >&5
conftest.c: In function 'main':
conftest.c:49:24: error: expected expression before ')' token
   49 | if (sizeof ((socklen_t)))
      |                        ^
configure:7593: $? = 1
configure: failed program was:
| /* confdefs.h */
| #define PACKAGE_NAME "pcap"
| #define PACKAGE_TARNAME "pcap"
| #define PACKAGE_VERSION "1.11.0-PRE-GIT"
| #define PACKAGE_STRING "pcap 1.11.0-PRE-GIT"
| #define PACKAGE_BUGREPORT "https://github.com/the-tcpdump-group/libpcap/issues"
| #define PACKAGE_URL ""
| #define HAVE_STDIO_H 1
| #define HAVE_STDLIB_H 1
| #define HAVE_STRING_H 1
| #define HAVE_INTTYPES_H 1
| #define HAVE_STDINT_H 1
| #define HAVE_STRINGS_H 1
| #define HAVE_SYS_STAT_H 1
| #define HAVE_SYS_TYPES_H 1
| #define HAVE_UNISTD_H 1
| #define STDC_HEADERS 1
| #define SIZEOF_VOID_P 8
| #define SIZEOF_TIME_T 8
| #define HAVE___ATOMIC_LOAD_N 1
| #define HAVE___ATOMIC_STORE_N 1
| #define HAVE_FSEEKO 1
| #define HAVE_NETPACKET_PACKET_H 1
| #define HAVE_GNU_STRERROR_R /**/
| #define HAVE_VSYSLOG 1
| #define HAVE_VASPRINTF 1
| #define HAVE_ASPRINTF 1
| #define HAVE_STRTOK_R 1
| #define HAVE_FFS 1
| #define STRINGS_H_DECLARES_FFS /**/
| #define HAVE_LINUX_GETNETBYNAME_R 1
| #define HAVE_LINUX_GETPROTOBYNAME_R 1
| #define HAVE_ETHER_HOSTTON 1
| #define NETINET_ETHER_H_DECLARES_ETHER_HOSTTON /**/
| #define HAVE_DECL_ETHER_HOSTTON 1
| #define HAVE_LINUX_SOCKET_H 1
| #define HAVE_LINUX_WIRELESS_H 1
| #define HAVE_STRUCT_TPACKET_AUXDATA_TP_VLAN_TCI 1
| #define HAVE_LINUX_NET_TSTAMP_H 1
| /* end confdefs.h.  */
| 
| 	#include <sys/types.h>
| 	#include <sys/socket.h>
| 
| 
| int
| main (void)
| {
| if (sizeof ((socklen_t)))
| 	    return 0;
|   ;
|   return 0;
| }
configure:7593: result: yes
configure:7717: checking for dagapi.h
configure:7717: gcc -c -g -O2 -I/usr/local/include  conftest.c >&5
conftest.c:71:10: fatal error: dagapi.h: No such file or directory
   71 | #include <dagapi.h>
      |          ^~~~~~~~~~
compilation terminated.
configure:7717: $? = 1
configure: failed program was:
| /* confdefs.h */
| #define PACKAGE_NAME "pcap"
| #define PACKAGE_TARNAME "pcap"
| #define PACKAGE_VERSION "1.11.0-PRE-GIT"
| #define PACKAGE_STRING "pcap 1.11.0-PRE-GIT"
| #define PACKAGE_BUGREPORT "https://github.com/the-tcpdump-group/libpcap/issues"
| #define PACKAGE_URL ""
| #define HAVE_STDIO_H 1
| #define HAVE_STDLIB_H 1
| #define HAVE_STRING_H 1
| #define HAVE_INTTYPES_H 1
| #define HAVE_STDINT_H 1
| #define HAVE_STRINGS_H 1
| #define HAVE_SYS_STAT_H 1
| #define HAVE_SYS_TYPES_H 1
| #define HAVE_UNISTD_H 1
| #define STDC_HEADERS 1
| #define SIZEOF_VOID_P 8
| #define SIZEOF_TIME_T 8
| #define HAVE___ATOMIC_LOAD_N 1
| #define HAVE___ATOMIC_STORE_N 1
| #define HAVE_FSEEKO 1
| #define HAVE_NETPACKET_PACKET_H 1
| #define HAVE_GNU_STRERROR_R /**/
| #define HAVE_VSYSLOG 1
| #define HAVE_VASPRINTF 1
| #define HAVE_ASPRINTF 1
| #define HAVE_STRTOK_R 1
| #define HAVE_FFS 1
| #define STRINGS_H_DECLARES_FFS /**/
| #define HAVE_LINUX_GETNETBYNAME_R 1
| #define HAVE_LINUX_GETPROTOBYNAME_R 1
| #define HAVE_ETHER_HOSTTON 1
| #define NETINET_ETHER_H_DECLARES_ETHER_HOSTTON /**/
| #define HAVE_DECL_ETHER_HOSTTON 1
| #define HAVE_LINUX_SOCKET_H 1
| #define HAVE_LINUX_WIRELESS_H 1
| #define HAVE_STRUCT_TPACKET_AUXDATA_TP_VLAN_TCI 1
| #define HAVE_LINUX_NET_TSTAMP_H 1
| #define HAVE_SOCKLEN_T 1
| #define INET6 1
| /* end confdefs.h.  */
| #include <stddef.h>
| #ifdef HAVE_STDIO_H
| # include <stdio.h>
| #endif
| #ifdef HAVE_STDLIB_H
| # include <stdlib.h>
| #endif
| #ifdef HAVE_STRING_H
| # include <string.h>
| #endif
| #ifdef HAVE_INTTYPES_H
| # include <inttypes.h>
| #endif
| #ifdef HAVE_STDINT_H
| # include <stdint.h>
| #endif
| #ifdef HAVE_STRINGS_H
| # include <strings.h>
| #endif
| #ifdef HAVE_SYS_TYPES_H
| # include <sys/types.h>
| #endif
| #ifdef HAVE_SYS_STAT_H
| # include <sys/stat.h>
| #endif
| #ifdef HAVE_UNISTD_H
| # include <unistd.h>
| #endif
| #include <dagapi.h>
configure:7717: result: no
configure:8066: checking whether we have Septel API headers
configure:8097: result: no
configure:8180: checking whether we have Myricom Sniffer API
configure:8278: result: no
configure:8332: checking whether TurboCap is supported
configure:8364: gcc -c -g -O2  conftest.c >&5
conftest.c:44:22: fatal error: TcApi.h: No such file or directory
   44 |             #include <TcApi.h>
      |                      ^~~~~~~~~
compilation terminated.
configure:8364: $? = 1
configure: failed program was:
| /* confdefs.h */
| #define PACKAGE_NAME "pcap"
| #define PACKAGE_TARNAME "pcap"
| #define PACKAGE_VERSION "1.11.0-PRE-GIT"
| #define PACKAGE_STRING "pcap 1.11.0-PRE-GIT"
| #define PACKAGE_BUGREPORT "https://github.com/the-tcpdump-group/libpcap/issues"
| #define PACKAGE_URL ""
| #define HAVE_STDIO_H 1
| #define HAVE_STDLIB_H 1
| #define HAVE_STRING_H 1
| #define HAVE_INTTYPES_H 1
| #define HAVE_STDINT_H 1
| #define HAVE_STRINGS_H 1
| #define HAVE_SYS_STAT_H 1
| #define HAVE_SYS_TYPES_H 1
| #define HAVE_UNISTD_H 1
| #define STDC_HEADERS 1
| #define SIZEOF_VOID_P 8
| #define SIZEOF_TIME_T 8
| #define HAVE___ATOMIC_LOAD_N 1
| #define HAVE___ATOMIC_STORE_N 1
| #define HAVE_FSEEKO 1
| #define HAVE_NETPACKET_PACKET_H 1
| #define HAVE_GNU_STRERROR_R /**/
| #define HAVE_VSYSLOG 1
| #define HAVE_VASPRINTF 1
| #define HAVE_ASPRINTF 1
| #define HAVE_STRTOK_R 1
| #define HAVE_FFS 1
| #define STRINGS_H_DECLARES_FFS /**/
| #define HAVE_LINUX_GETNETBYNAME_R 1
| #define HAVE_LINUX_GETPROTOBYNAME_R 1
| #define HAVE_ETHER_HOSTTON 1
| #define NETINET_ETHER_H_DECLARES_ETHER_HOSTTON /**/
| #define HAVE_DECL_ETHER_HOSTTON 1
| #define HAVE_LINUX_SOCKET_H 1
| #define HAVE_LINUX_WIRELESS_H 1
| #define HAVE_STRUCT_TPACKET_AUXDATA_TP_VLAN_TCI 1
| #define HAVE_LINUX_NET_TSTAMP_H 1
| #define HAVE_SOCKLEN_T 1
| #define INET6 1
| /* end confdefs.h.  */
| 
| 	    #include <TcApi.h>
| 
| int
| main (void)
| {
| 
| 	    TC_INSTANCE a; TC_PORT b; TC_BOARD c;
| 	    TC_INSTANCE i;
| 	    (void)TcInstanceCreateByName("foo", &i);
| 
|   ;
|   return 0;
| }
configure:8389: result: no
configure:8399: checking whether to enable remote packet capture
configure:8847: result: no
configure:8852: checking whether to build optimizer debugging code
configure:8865: result: no
configure:8868: checking whether to build parser debugging code
configure:8881: result: no
configure:8891: checking for flex
configure:8912: found /usr/bin/flex
configure:8923: result: flex
configure:8972: checking for lex output file root
configure:8985: flex conftest.l
configure:8989: $? = 0
configure:8997: result: lex.yy
configure:9012: checking for lex library
configure:9037: gcc -o conftest -g -O2   conftest.c  >&5
configure:9037: $? = 0
configure:9050: result: none needed
configure:9070: checking whether yytext is a pointer
configure:9086: gcc -c -g -O2  conftest.c >&5
configure:9086: $? = 0
configure:9093: result: yes
configure:9113: checking for capable lex
configure:9125: result: yes
configure:9154: checking for bison
configure:9175: found /usr/bin/bison
configure:9186: result: bison
configure:9783: checking for ranlib
configure:9804: found /usr/bin/ranlib
configure:9815: result: ranlib
configure:9885: checking for ar
configure:9906: found /usr/bin/ar
configure:9917: result: ar
configure:9940: checking whether ln -s works
configure:9944: result: yes
configure:12072: checking for struct sockaddr.sa_len
configure:12072: gcc -c -g -O2  conftest.c >&5
conftest.c: In function 'main':
conftest.c:53:12: error: 'struct sockaddr' has no member named 'sa_len'
   53 | if (ac_aggr.sa_len)
      |            ^
configure:12072: $? = 1
configure: failed program was:
| /* confdefs.h */
| #define PACKAGE_NAME "pcap"
| #define PACKAGE_TARNAME "pcap"
| #define PACKAGE_VERSION "1.11.0-PRE-GIT"
| #define PACKAGE_STRING "pcap 1.11.0-PRE-GIT"
| #define PACKAGE_BUGREPORT "https://github.com/the-tcpdump-group/libpcap/issues"
| #define PACKAGE_URL ""
| #define HAVE_STDIO_H 1
| #define HAVE_STDLIB_H 1
| #define HAVE_STRING_H 1
| #define HAVE_INTTYPES_H 1
| #define HAVE_STDINT_H 1
| #define HAVE_STRINGS_H 1
| #define HAVE_SYS_STAT_H 1
| #define HAVE_SYS_TYPES_H 1
| #define HAVE_UNISTD_H 1
| #define STDC_HEADERS 1
| #define SIZEOF_VOID_P 8
| #define SIZEOF_TIME_T 8
| #define HAVE___ATOMIC_LOAD_N 1
| #define HAVE___ATOMIC_STORE_N 1
| #define HAVE_FSEEKO 1
| #define HAVE_NETPACKET_PACKET_H 1
| #define HAVE_GNU_STRERROR_R /**/
| #define HAVE_VSYSLOG 1
| #define HAVE_VASPRINTF 1
| #define HAVE_ASPRINTF 1
| #define HAVE_STRTOK_R 1
| #define HAVE_FFS 1
| #define STRINGS_H_DECLARES_FFS /**/
| #define HAVE_LINUX_GETNETBYNAME_R 1
| #define HAVE_LINUX_GETPROTOBYNAME_R 1
| #define HAVE_ETHER_HOSTTON 1
| #define NETINET_ETHER_H_DECLARES_ETHER_HOSTTON /**/
| #define HAVE_DECL_ETHER_HOSTTON 1
| #define HAVE_LINUX_SOCKET_H 1
| #define HAVE_LINUX_WIRELESS_H 1
| #define HAVE_STRUCT_TPACKET_AUXDATA_TP_VLAN_TCI 1
| #define HAVE_LINUX_NET_TSTAMP_H 1
| #define HAVE_SOCKLEN_T 1
| #define INET6 1
| #define YYTEXT_POINTER 1
| /* end confdefs.h.  */
| 
| 	#include <sys/types.h>
| 	#include <sys/socket.h>
| 
| 
| int
| main (void)
| {
| static struct sockaddr ac_aggr;
| if (ac_aggr.sa_len)
| return 0;
|   ;
|   return 0;
| }
configure:12072: gcc -c -g -O2  conftest.c >&5
conftest.c: In function 'main':
conftest.c:53:19: error: 'struct sockaddr' has no member named 'sa_len'
   53 | if (sizeof ac_aggr.sa_len)
      |                   ^
configure:12072: $? = 1
configure: failed program was:
| /* confdefs.h */
| #define PACKAGE_NAME "pcap"
| #define PACKAGE_TARNAME "pcap"
| #define PACKAGE_VERSION "1.11.0-PRE-GIT"
| #define PACKAGE_STRING "pcap 1.11.0-PRE-GIT"
| #define PACKAGE_BUGREPORT "https://github.com/the-tcpdump-group/libpcap/issues"
| #define PACKAGE_URL ""
| #define HAVE_STDIO_H 1
| #define HAVE_STDLIB_H 1
| #define HAVE_STRING_H 1
| #define HAVE_INTTYPES_H 1
| #define HAVE_STDINT_H 1
| #define HAVE_STRINGS_H 1
| #define HAVE_SYS_STAT_H 1
| #define HAVE_SYS_TYPES_H 1
| #define HAVE_UNISTD_H 1
| #define STDC_HEADERS 1
| #define SIZEOF_VOID_P 8
| #define SIZEOF_TIME_T 8
| #define HAVE___ATOMIC_LOAD_N 1
| #define HAVE___ATOMIC_STORE_N 1
| #define HAVE_FSEEKO 1
| #define HAVE_NETPACKET_PACKET_H 1
| #define HAVE_GNU_STRERROR_R /**/
| #define HAVE_VSYSLOG 1
| #define HAVE_VASPRINTF 1
| #define HAVE_ASPRINTF 1
| #define HAVE_STRTOK_R 1
| #define HAVE_FFS 1
| #define STRINGS_H_DECLARES_FFS /**/
| #define HAVE_LINUX_GETNETBYNAME_R 1
| #define HAVE_LINUX_GETPROTOBYNAME_R 1
| #define HAVE_ETHER_HOSTTON 1
| #define NETINET_ETHER_H_DECLARES_ETHER_HOSTTON /**/
| #define HAVE_DECL_ETHER_HOSTTON 1
| #define HAVE_LINUX_SOCKET_H 1
| #define HAVE_LINUX_WIRELESS_H 1
| #define HAVE_STRUCT_TPACKET_AUXDATA_TP_VLAN_TCI 1
| #define HAVE_LINUX_NET_TSTAMP_H 1
| #define HAVE_SOCKLEN_T 1
| #define INET6 1
| #define YYTEXT_POINTER 1
| /* end confdefs.h.  */
| 
| 	#include <sys/types.h>
| 	#include <sys/socket.h>
| 
| 
| int
| main (void)
| {
| static struct sockaddr ac_aggr;
| if (sizeof ac_aggr.sa_len)
| return 0;
|   ;
|   return 0;
| }
configure:12072: result: no
configure:12097: checking for dl_hp_ppa_info_t.dl_module_id_1
configure:12097: gcc -c -g -O2  conftest.c >&5
conftest.c:46:18: fatal error: sys/dlpi.h: No such file or directory
   46 |         #include <sys/dlpi.h>
      |                  ^~~~~~~~~~~~
compilation terminated.
configure:12097: $? = 1
configure: failed program was:
| /* confdefs.h */
| #define PACKAGE_NAME "pcap"
| #define PACKAGE_TARNAME "pcap"
| #define PACKAGE_VERSION "1.11.0-PRE-GIT"
| #define PACKAGE_STRING "pcap 1.11.0-PRE-GIT"
| #define PACKAGE_BUGREPORT "https://github.com/the-tcpdump-group/libpcap/issues"
| #define PACKAGE_URL ""
| #define HAVE_STDIO_H 1
| #define HAVE_STDLIB_H 1
| #define HAVE_STRING_H 1
| #define HAVE_INTTYPES_H 1
| #define HAVE_STDINT_H 1
| #define HAVE_STRINGS_H 1
| #define HAVE_SYS_STAT_H 1
| #define HAVE_SYS_TYPES_H 1
| #define HAVE_UNISTD_H 1
| #define STDC_HEADERS 1
| #define SIZEOF_VOID_P 8
| #define SIZEOF_TIME_T 8
| #define HAVE___ATOMIC_LOAD_N 1
| #define HAVE___ATOMIC_STORE_N 1
| #define HAVE_FSEEKO 1
| #define HAVE_NETPACKET_PACKET_H 1
| #define HAVE_GNU_STRERROR_R /**/
| #define HAVE_VSYSLOG 1
| #define HAVE_VASPRINTF 1
| #define HAVE_ASPRINTF 1
| #define HAVE_STRTOK_R 1
| #define HAVE_FFS 1
| #define STRINGS_H_DECLARES_FFS /**/
| #define HAVE_LINUX_GETNETBYNAME_R 1
| #define HAVE_LINUX_GETPROTOBYNAME_R 1
| #define HAVE_ETHER_HOSTTON 1
| #define NETINET_ETHER_H_DECLARES_ETHER_HOSTTON /**/
| #define HAVE_DECL_ETHER_HOSTTON 1
| #define HAVE_LINUX_SOCKET_H 1
| #define HAVE_LINUX_WIRELESS_H 1
| #define HAVE_STRUCT_TPACKET_AUXDATA_TP_VLAN_TCI 1
| #define HAVE_LINUX_NET_TSTAMP_H 1
| #define HAVE_SOCKLEN_T 1
| #define INET6 1
| #define YYTEXT_POINTER 1
| /* end confdefs.h.  */
| 
| 	#include <sys/types.h>
| 	#include <sys/dlpi.h>
| 	#include <sys/dlpi_ext.h>
| 
| 
| int
| main (void)
| {
| static dl_hp_ppa_info_t ac_aggr;
| if (ac_aggr.dl_module_id_1)
| return 0;
|   ;
|   return 0;
| }
configure:12097: gcc -c -g -O2  conftest.c >&5
conftest.c:46:18: fatal error: sys/dlpi.h: No such file or directory
   46 |         #include <sys/dlpi.h>
      |                  ^~~~~~~~~~~~
compilation terminated.
configure:12097: $? = 1
configure: failed program was:
| /* confdefs.h */
| #define PACKAGE_NAME "pcap"
| #define PACKAGE_TARNAME "pcap"
| #define PACKAGE_VERSION "1.11.0-PRE-GIT"
| #define PACKAGE_STRING "pcap 1.11.0-PRE-GIT"
| #define PACKAGE_BUGREPORT "https://github.com/the-tcpdump-group/libpcap/issues"
| #define PACKAGE_URL ""
| #define HAVE_STDIO_H 1
| #define HAVE_STDLIB_H 1
| #define HAVE_STRING_H 1
| #define HAVE_INTTYPES_H 1
| #define HAVE_STDINT_H 1
| #define HAVE_STRINGS_H 1
| #define HAVE_SYS_STAT_H 1
| #define HAVE_SYS_TYPES_H 1
| #define HAVE_UNISTD_H 1
| #define STDC_HEADERS 1
| #define SIZEOF_VOID_P 8
| #define SIZEOF_TIME_T 8
| #define HAVE___ATOMIC_LOAD_N 1
| #define HAVE___ATOMIC_STORE_N 1
| #define HAVE_FSEEKO 1
| #define HAVE_NETPACKET_PACKET_H 1
| #define HAVE_GNU_STRERROR_R /**/
| #define HAVE_VSYSLOG 1
| #define HAVE_VASPRINTF 1
| #define HAVE_ASPRINTF 1
| #define HAVE_STRTOK_R 1
| #define HAVE_FFS 1
| #define STRINGS_H_DECLARES_FFS /**/
| #define HAVE_LINUX_GETNETBYNAME_R 1
| #define HAVE_LINUX_GETPROTOBYNAME_R 1
| #define HAVE_ETHER_HOSTTON 1
| #define NETINET_ETHER_H_DECLARES_ETHER_HOSTTON /**/
| #define HAVE_DECL_ETHER_HOSTTON 1
| #define HAVE_LINUX_SOCKET_H 1
| #define HAVE_LINUX_WIRELESS_H 1
| #define HAVE_STRUCT_TPACKET_AUXDATA_TP_VLAN_TCI 1
| #define HAVE_LINUX_NET_TSTAMP_H 1
| #define HAVE_SOCKLEN_T 1
| #define INET6 1
| #define YYTEXT_POINTER 1
| /* end confdefs.h.  */
| 
| 	#include <sys/types.h>
| 	#include <sys/dlpi.h>
| 	#include <sys/dlpi_ext.h>
| 
| 
| int
| main (void)
| {
| static dl_hp_ppa_info_t ac_aggr;
| if (sizeof ac_aggr.dl_module_id_1)
| return 0;
|   ;
|   return 0;
| }
configure:12097: result: no
configure:12131: checking for Linux usbmon USB sniffing support
configure:12138: result: yes
configure:12155: checking for linux/compiler.h
configure:12155: gcc -c -g -O2  conftest.c >&5
conftest.c:73:10: fatal error: linux/compiler.h: No such file or directory
   73 | #include <linux/compiler.h>
      |          ^~~~~~~~~~~~~~~~~~
compilation terminated.
configure:12155: $? = 1
configure: failed program was:
| /* confdefs.h */
| #define PACKAGE_NAME "pcap"
| #define PACKAGE_TARNAME "pcap"
| #define PACKAGE_VERSION "1.11.0-PRE-GIT"
| #define PACKAGE_STRING "pcap 1.11.0-PRE-GIT"
| #define PACKAGE_BUGREPORT "https://github.com/the-tcpdump-group/libpcap/issues"
| #define PACKAGE_URL ""
| #define HAVE_STDIO_H 1
| #define HAVE_STDLIB_H 1
| #define HAVE_STRING_H 1
| #define HAVE_INTTYPES_H 1
| #define HAVE_STDINT_H 1
| #define HAVE_STRINGS_H 1
| #define HAVE_SYS_STAT_H 1
| #define HAVE_SYS_TYPES_H 1
| #define HAVE_UNISTD_H 1
| #define STDC_HEADERS 1
| #define SIZEOF_VOID_P 8
| #define SIZEOF_TIME_T 8
| #define HAVE___ATOMIC_LOAD_N 1
| #define HAVE___ATOMIC_STORE_N 1
| #define HAVE_FSEEKO 1
| #define HAVE_NETPACKET_PACKET_H 1
| #define HAVE_GNU_STRERROR_R /**/
| #define HAVE_VSYSLOG 1
| #define HAVE_VASPRINTF 1
| #define HAVE_ASPRINTF 1
| #define HAVE_STRTOK_R 1
| #define HAVE_FFS 1
| #define STRINGS_H_DECLARES_FFS /**/
| #define HAVE_LINUX_GETNETBYNAME_R 1
| #define HAVE_LINUX_GETPROTOBYNAME_R 1
| #define HAVE_ETHER_HOSTTON 1
| #define NETINET_ETHER_H_DECLARES_ETHER_HOSTTON /**/
| #define HAVE_DECL_ETHER_HOSTTON 1
| #define HAVE_LINUX_SOCKET_H 1
| #define HAVE_LINUX_WIRELESS_H 1
| #define HAVE_STRUCT_TPACKET_AUXDATA_TP_VLAN_TCI 1
| #define HAVE_LINUX_NET_TSTAMP_H 1
| #define HAVE_SOCKLEN_T 1
| #define INET6 1
| #define YYTEXT_POINTER 1
| #define PCAP_SUPPORT_LINUX_USBMON 1
| /* end confdefs.h.  */
| #include <stddef.h>
| #ifdef HAVE_STDIO_H
| # include <stdio.h>
| #endif
| #ifdef HAVE_STDLIB_H
| # include <stdlib.h>
| #endif
| #ifdef HAVE_STRING_H
| # include <string.h>
| #endif
| #ifdef HAVE_INTTYPES_H
| # include <inttypes.h>
| #endif
| #ifdef HAVE_STDINT_H
| # include <stdint.h>
| #endif
| #ifdef HAVE_STRINGS_H
| # include <strings.h>
| #endif
| #ifdef HAVE_SYS_TYPES_H
| # include <sys/types.h>
| #endif
| #ifdef HAVE_SYS_STAT_H
| # include <sys/stat.h>
| #endif
| #ifdef HAVE_UNISTD_H
| # include <unistd.h>
| #endif
| #include <linux/compiler.h>
configure:12155: result: no
configure:12175: checking for linux/usbdevice_fs.h
configure:12175: gcc -c -g -O2  conftest.c >&5
configure:12175: $? = 0
configure:12175: result: yes
configure:12190: checking for struct usbdevfs_ctrltransfer.bRequestType
configure:12190: gcc -c -g -O2  conftest.c >&5
configure:12190: $? = 0
configure:12190: result: yes
configure:12220: checking whether we can compile the netfilter support
configure:12247: gcc -c -g -O2  conftest.c >&5
configure:12247: $? = 0
configure:12256: result: yes
configure:12286: checking whether we can compile the netmap support
configure:12306: gcc -c -g -O2  conftest.c >&5
conftest.c:78:10: fatal error: net/netmap_user.h: No such file or directory
   78 | #include <net/netmap_user.h>
      |          ^~~~~~~~~~~~~~~~~~~
compilation terminated.
configure:12306: $? = 1
configure: failed program was:
| /* confdefs.h */
| #define PACKAGE_NAME "pcap"
| #define PACKAGE_TARNAME "pcap"
| #define PACKAGE_VERSION "1.11.0-PRE-GIT"
| #define PACKAGE_STRING "pcap 1.11.0-PRE-GIT"
| #define PACKAGE_BUGREPORT "https://github.com/the-tcpdump-group/libpcap/issues"
| #define PACKAGE_URL ""
| #define HAVE_STDIO_H 1
| #define HAVE_STDLIB_H 1
| #define HAVE_STRING_H 1
| #define HAVE_INTTYPES_H 1
| #define HAVE_STDINT_H 1
| #define HAVE_STRINGS_H 1
| #define HAVE_SYS_STAT_H 1
| #define HAVE_SYS_TYPES_H 1
| #define HAVE_UNISTD_H 1
| #define STDC_HEADERS 1
| #define SIZEOF_VOID_P 8
| #define SIZEOF_TIME_T 8
| #define HAVE___ATOMIC_LOAD_N 1
| #define HAVE___ATOMIC_STORE_N 1
| #define HAVE_FSEEKO 1
| #define HAVE_NETPACKET_PACKET_H 1
| #define HAVE_GNU_STRERROR_R /**/
| #define HAVE_VSYSLOG 1
| #define HAVE_VASPRINTF 1
| #define HAVE_ASPRINTF 1
| #define HAVE_STRTOK_R 1
| #define HAVE_FFS 1
| #define STRINGS_H_DECLARES_FFS /**/
| #define HAVE_LINUX_GETNETBYNAME_R 1
| #define HAVE_LINUX_GETPROTOBYNAME_R 1
| #define HAVE_ETHER_HOSTTON 1
| #define NETINET_ETHER_H_DECLARES_ETHER_HOSTTON /**/
| #define HAVE_DECL_ETHER_HOSTTON 1
| #define HAVE_LINUX_SOCKET_H 1
| #define HAVE_LINUX_WIRELESS_H 1
| #define HAVE_STRUCT_TPACKET_AUXDATA_TP_VLAN_TCI 1
| #define HAVE_LINUX_NET_TSTAMP_H 1
| #define HAVE_SOCKLEN_T 1
| #define INET6 1
| #define YYTEXT_POINTER 1
| #define PCAP_SUPPORT_LINUX_USBMON 1
| #define HAVE_LINUX_USBDEVICE_FS_H 1
| #define HAVE_STRUCT_USBDEVFS_CTRLTRANSFER_BREQUESTTYPE 1
| #define PCAP_SUPPORT_NETFILTER 1
| /* end confdefs.h.  */
| 
| #include <stddef.h>
| #ifdef HAVE_STDIO_H
| # include <stdio.h>
| #endif
| #ifdef HAVE_STDLIB_H
| # include <stdlib.h>
| #endif
| #ifdef HAVE_STRING_H
| # include <string.h>
| #endif
| #ifdef HAVE_INTTYPES_H
| # include <inttypes.h>
| #endif
| #ifdef HAVE_STDINT_H
| # include <stdint.h>
| #endif
| #ifdef HAVE_STRINGS_H
| # include <strings.h>
| #endif
| #ifdef HAVE_SYS_TYPES_H
| # include <sys/types.h>
| #endif
| #ifdef HAVE_SYS_STAT_H
| # include <sys/stat.h>
| #endif
| #ifdef HAVE_UNISTD_H
| # include <unistd.h>
| #endif
| #define NETMAP_WITH_LIBS
| #include <net/netmap_user.h>
| int
| main (void)
| {
| 
|   ;
|   return 0;
| }
configure:12315: result: no
configure:12398: checking for libdpdk with pkg-config
configure:12402: $PKG_CONFIG --exists --print-errors "libdpdk"
Package libdpdk was not found in the pkg-config search path.
Perhaps you should add the directory containing `libdpdk.pc'
to the PKG_CONFIG_PATH environment variable
No package 'libdpdk' found
configure:12405: $? = 1
configure:12489: result: not found
configure:12618: WARNING: We couldn't find DPDK with pkg-config.  If
you want DPDK support, make sure that pkg-config is installed,
that DPDK 18.02.2 or later is installed, and that DPDK provides a
.pc file.
configure:12685: checking for bluetooth/bluetooth.h
configure:12685: gcc -c -g -O2  conftest.c >&5
conftest.c:76:10: fatal error: bluetooth/bluetooth.h: No such file or directory
   76 | #include <bluetooth/bluetooth.h>
      |          ^~~~~~~~~~~~~~~~~~~~~~~
compilation terminated.
configure:12685: $? = 1
configure: failed program was:
| /* confdefs.h */
| #define PACKAGE_NAME "pcap"
| #define PACKAGE_TARNAME "pcap"
| #define PACKAGE_VERSION "1.11.0-PRE-GIT"
| #define PACKAGE_STRING "pcap 1.11.0-PRE-GIT"
| #define PACKAGE_BUGREPORT "https://github.com/the-tcpdump-group/libpcap/issues"
| #define PACKAGE_URL ""
| #define HAVE_STDIO_H 1
| #define HAVE_STDLIB_H 1
| #define HAVE_STRING_H 1
| #define HAVE_INTTYPES_H 1
| #define HAVE_STDINT_H 1
| #define HAVE_STRINGS_H 1
| #define HAVE_SYS_STAT_H 1
| #define HAVE_SYS_TYPES_H 1
| #define HAVE_UNISTD_H 1
| #define STDC_HEADERS 1
| #define SIZEOF_VOID_P 8
| #define SIZEOF_TIME_T 8
| #define HAVE___ATOMIC_LOAD_N 1
| #define HAVE___ATOMIC_STORE_N 1
| #define HAVE_FSEEKO 1
| #define HAVE_NETPACKET_PACKET_H 1
| #define HAVE_GNU_STRERROR_R /**/
| #define HAVE_VSYSLOG 1
| #define HAVE_VASPRINTF 1
| #define HAVE_ASPRINTF 1
| #define HAVE_STRTOK_R 1
| #define HAVE_FFS 1
| #define STRINGS_H_DECLARES_FFS /**/
| #define HAVE_LINUX_GETNETBYNAME_R 1
| #define HAVE_LINUX_GETPROTOBYNAME_R 1
| #define HAVE_ETHER_HOSTTON 1
| #define NETINET_ETHER_H_DECLARES_ETHER_HOSTTON /**/
| #define HAVE_DECL_ETHER_HOSTTON 1
| #define HAVE_LINUX_SOCKET_H 1
| #define HAVE_LINUX_WIRELESS_H 1
| #define HAVE_STRUCT_TPACKET_AUXDATA_TP_VLAN_TCI 1
| #define HAVE_LINUX_NET_TSTAMP_H 1
| #define HAVE_SOCKLEN_T 1
| #define INET6 1
| #define YYTEXT_POINTER 1
| #define PCAP_SUPPORT_LINUX_USBMON 1
| #define HAVE_LINUX_USBDEVICE_FS_H 1
| #define HAVE_STRUCT_USBDEVFS_CTRLTRANSFER_BREQUESTTYPE 1
| #define PCAP_SUPPORT_NETFILTER 1
| /* end confdefs.h.  */
| #include <stddef.h>
| #ifdef HAVE_STDIO_H
| # include <stdio.h>
| #endif
| #ifdef HAVE_STDLIB_H
| # include <stdlib.h>
| #endif
| #ifdef HAVE_STRING_H
| # include <string.h>
| #endif
| #ifdef HAVE_INTTYPES_H
| # include <inttypes.h>
| #endif
| #ifdef HAVE_STDINT_H
| # include <stdint.h>
| #endif
| #ifdef HAVE_STRINGS_H
| # include <strings.h>
| #endif
| #ifdef HAVE_SYS_TYPES_H
| # include <sys/types.h>
| #endif
| #ifdef HAVE_SYS_STAT_H
| # include <sys/stat.h>
| #endif
| #ifdef HAVE_UNISTD_H
| # include <unistd.h>
| #endif
| #include <bluetooth/bluetooth.h>
configure:12685: result: no
configure:12773: Bluetooth sniffing is not supported; install bluez-lib devel to enable it
configure:12841: checking for dbus-1 with pkg-config
configure:12845: $PKG_CONFIG --exists --print-errors "dbus-1"
configure:12848: $? = 0
configure:12854: result: found
configure:12936: checking whether the D-Bus library defines dbus_connection_read_write
configure:12954: gcc -o conftest -g -O2 -I/usr/include/dbus-1.0 -I/usr/lib/x86_64-linux-gnu/dbus-1.0/include   conftest.c  -ldbus-1 >&5
configure:12954: $? = 0
configure:12957: result: yes
configure:13025: checking for libibverbs with pkg-config
configure:13029: $PKG_CONFIG --exists --print-errors "libibverbs"
Package libibverbs was not found in the pkg-config search path.
Perhaps you should add the directory containing `libibverbs.pc'
to the PKG_CONFIG_PATH environment variable
No package 'libibverbs' found
configure:13032: $? = 1
configure:13117: result: not found
configure:13130: checking for ibv_get_device_list in -libverbs
configure:13153: gcc -o conftest -g -O2   conftest.c -libverbs   >&5
/usr/bin/ld: cannot find -libverbs: No such file or directory
collect2: error: ld returned 1 exit status
configure:13153: $? = 1
configure: failed program was:
| /* confdefs.h */
| #define PACKAGE_NAME "pcap"
| #define PACKAGE_TARNAME "pcap"
| #define PACKAGE_VERSION "1.11.0-PRE-GIT"
| #define PACKAGE_STRING "pcap 1.11.0-PRE-GIT"
| #define PACKAGE_BUGREPORT "https://github.com/the-tcpdump-group/libpcap/issues"
| #define PACKAGE_URL ""
| #define HAVE_STDIO_H 1
| #define HAVE_STDLIB_H 1
| #define HAVE_STRING_H 1
| #define HAVE_INTTYPES_H 1
| #define HAVE_STDINT_H 1
| #define HAVE_STRINGS_H 1
| #define HAVE_SYS_STAT_H 1
| #define HAVE_SYS_TYPES_H 1
| #define HAVE_UNISTD_H 1
| #define STDC_HEADERS 1
| #define SIZEOF_VOID_P 8
| #define SIZEOF_TIME_T 8
| #define HAVE___ATOMIC_LOAD_N 1
| #define HAVE___ATOMIC_STORE_N 1
| #define HAVE_FSEEKO 1
| #define HAVE_NETPACKET_PACKET_H 1
| #define HAVE_GNU_STRERROR_R /**/
| #define HAVE_VSYSLOG 1
| #define HAVE_VASPRINTF 1
| #define HAVE_ASPRINTF 1
| #define HAVE_STRTOK_R 1
| #define HAVE_FFS 1
| #define STRINGS_H_DECLARES_FFS /**/
| #define HAVE_LINUX_GETNETBYNAME_R 1
| #define HAVE_LINUX_GETPROTOBYNAME_R 1
| #define HAVE_ETHER_HOSTTON 1
| #define NETINET_ETHER_H_DECLARES_ETHER_HOSTTON /**/
| #define HAVE_DECL_ETHER_HOSTTON 1
| #define HAVE_LINUX_SOCKET_H 1
| #define HAVE_LINUX_WIRELESS_H 1
| #define HAVE_STRUCT_TPACKET_AUXDATA_TP_VLAN_TCI 1
| #define HAVE_LINUX_NET_TSTAMP_H 1
| #define HAVE_SOCKLEN_T 1
| #define INET6 1
| #define YYTEXT_POINTER 1
| #define PCAP_SUPPORT_LINUX_USBMON 1
| #define HAVE_LINUX_USBDEVICE_FS_H 1
| #define HAVE_STRUCT_USBDEVFS_CTRLTRANSFER_BREQUESTTYPE 1
| #define PCAP_SUPPORT_NETFILTER 1
| #define PCAP_SUPPORT_DBUS 1
| /* end confdefs.h.  */
| 
| /* Override any GCC internal prototype to avoid an error.
|    Use char because int might match the return type of a GCC
|    builtin and then its argument prototype would still apply.  */
| char ibv_get_device_list ();
| int
| main (void)
| {
| return ibv_get_device_list ();
|   ;
|   return 0;
| }
configure:13163: result: no
configure:13330: checking for a BSD-compatible install
configure:13403: result: /usr/bin/install -c
configure:13550: creating ./config.status

## ---------------------- ##
## Running config.status. ##
## ---------------------- ##

This file was extended by pcap config.status 1.11.0-PRE-GIT, which was
generated by GNU Autoconf 2.71.  Invocation command line was

  CONFIG_FILES    = 
  CONFIG_HEADERS  = 
  CONFIG_LINKS    = 
  CONFIG_COMMANDS = 
  $ ./config.status 

on evermatos

config.status:924: creating Makefile
config.status:924: creating grammar.y
config.status:924: creating pcap-filter.manmisc
config.status:924: creating pcap-linktype.manmisc
config.status:924: creating pcap-tstamp.manmisc
config.status:924: creating cbpf-savefile.manfile
config.status:924: creating pcap-savefile.manfile
config.status:924: creating pcap.3pcap
config.status:924: creating pcap_compile.3pcap
config.status:924: creating pcap_datalink.3pcap
config.status:924: creating pcap_dump_open.3pcap
config.status:924: creating pcap_get_tstamp_precision.3pcap
config.status:924: creating pcap_list_datalinks.3pcap
config.status:924: creating pcap_list_tstamp_types.3pcap
config.status:924: creating pcap_open_dead.3pcap
config.status:924: creating pcap_open_offline.3pcap
config.status:924: creating pcap_set_immediate_mode.3pcap
config.status:924: creating pcap_set_tstamp_precision.3pcap
config.status:924: creating pcap_set_tstamp_type.3pcap
config.status:924: creating rpcapd/Makefile
config.status:924: creating rpcapd/rpcapd.manadmin
config.status:924: creating rpcapd/rpcapd-config.manfile
config.status:924: creating testprogs/Makefile
config.status:924: creating config.h
config.status:1113: executing .devel commands

## ---------------- ##
## Cache variables. ##
## ---------------- ##

ac_cv_build=x86_64-pc-linux-gnu
ac_cv_c_compiler_gnu=yes
ac_cv_c_inline=inline
ac_cv_c_undeclared_builtin_options='none needed'
ac_cv_env_CC_set=
ac_cv_env_CC_value=
ac_cv_env_CFLAGS_set=
ac_cv_env_CFLAGS_value=
ac_cv_env_CPPFLAGS_set=
ac_cv_env_CPPFLAGS_value=
ac_cv_env_DBUS_CFLAGS_set=
ac_cv_env_DBUS_CFLAGS_value=
ac_cv_env_DBUS_LIBS_STATIC_set=
ac_cv_env_DBUS_LIBS_STATIC_value=
ac_cv_env_DBUS_LIBS_set=
ac_cv_env_DBUS_LIBS_value=
ac_cv_env_DPDK_CFLAGS_set=
ac_cv_env_DPDK_CFLAGS_value=
ac_cv_env_DPDK_LIBS_STATIC_set=
ac_cv_env_DPDK_LIBS_STATIC_value=
ac_cv_env_DPDK_LIBS_set=
ac_cv_env_DPDK_LIBS_value=
ac_cv_env_LDFLAGS_set=
ac_cv_env_LDFLAGS_value=
ac_cv_env_LIBIBVERBS_CFLAGS_set=
ac_cv_env_LIBIBVERBS_CFLAGS_value=
ac_cv_env_LIBIBVERBS_LIBS_STATIC_set=
ac_cv_env_LIBIBVERBS_LIBS_STATIC_value=
ac_cv_env_LIBIBVERBS_LIBS_set=
ac_cv_env_LIBIBVERBS_LIBS_value=
ac_cv_env_LIBNL_CFLAGS_set=
ac_cv_env_LIBNL_CFLAGS_value=
ac_cv_env_LIBNL_LIBS_STATIC_set=
ac_cv_env_LIBNL_LIBS_STATIC_value=
ac_cv_env_LIBNL_LIBS_set=
ac_cv_env_LIBNL_LIBS_value=
ac_cv_env_LIBS_set=
ac_cv_env_LIBS_value=
ac_cv_env_OPENSSL_CFLAGS_set=
ac_cv_env_OPENSSL_CFLAGS_value=
ac_cv_env_OPENSSL_LIBS_STATIC_set=
ac_cv_env_OPENSSL_LIBS_STATIC_value=
ac_cv_env_OPENSSL_LIBS_set=
ac_cv_env_OPENSSL_LIBS_value=
ac_cv_env_PKG_CONFIG_LIBDIR_set=
ac_cv_env_PKG_CONFIG_LIBDIR_value=
ac_cv_env_PKG_CONFIG_PATH_set=
ac_cv_env_PKG_CONFIG_PATH_value=
ac_cv_env_PKG_CONFIG_set=
ac_cv_env_PKG_CONFIG_value=
ac_cv_env_build_alias_set=
ac_cv_env_build_alias_value=
ac_cv_env_host_alias_set=
ac_cv_env_host_alias_value=
ac_cv_env_target_alias_set=
ac_cv_env_target_alias_value=
ac_cv_func_asprintf=yes
ac_cv_func_ether_hostton=yes
ac_cv_func_ffs=yes
ac_cv_func_getaddrinfo=yes
ac_cv_func_getifaddrs=yes
ac_cv_func_pthread_create=yes
ac_cv_func_snprintf=yes
ac_cv_func_strerror_r=yes
ac_cv_func_strlcat=no
ac_cv_func_strlcpy=no
ac_cv_func_strtok_r=yes
ac_cv_func_vasprintf=yes
ac_cv_func_vsnprintf=yes
ac_cv_func_vsyslog=yes
ac_cv_have_decl_ether_hostton=yes
ac_cv_have_decl_ffs=yes
ac_cv_have_decl_getnetbyname_r=yes
ac_cv_have_decl_getprotobyname_r=yes
ac_cv_header_bluetooth_bluetooth_h=no
ac_cv_header_config_HaikuConfig_h=no
ac_cv_header_dagapi_h=no
ac_cv_header_hurd_h=no
ac_cv_header_ifaddrs_h=yes
ac_cv_header_inttypes_h=yes
ac_cv_header_linux_compiler_h=no
ac_cv_header_linux_net_tstamp_h=yes
ac_cv_header_linux_socket_h=yes
ac_cv_header_linux_usbdevice_fs_h=yes
ac_cv_header_linux_wireless_h=yes
ac_cv_header_net_bpf_h=no
ac_cv_header_netpacket_packet_h=yes
ac_cv_header_pthread_h=yes
ac_cv_header_stdint_h=yes
ac_cv_header_stdio_h=yes
ac_cv_header_stdlib_h=yes
ac_cv_header_string_h=yes
ac_cv_header_strings_h=yes
ac_cv_header_sys_dlpi_h=no
ac_cv_header_sys_ioccom_h=no
ac_cv_header_sys_sockio_h=no
ac_cv_header_sys_stat_h=yes
ac_cv_header_sys_types_h=yes
ac_cv_header_unistd_h=yes
ac_cv_host=x86_64-pc-linux-gnu
ac_cv_lbl_septel_api=no
ac_cv_lbl_snf_api=no
ac_cv_lbl_turbocap_api=no
ac_cv_lib_ibverbs_ibv_get_device_list=no
ac_cv_lib_lex='none needed'
ac_cv_lib_nl_3_nl_socket_alloc=no
ac_cv_member_dl_hp_ppa_info_t_dl_module_id_1=no
ac_cv_member_struct_sockaddr_sa_len=no
ac_cv_member_struct_tpacket_auxdata_tp_vlan_tci=yes
ac_cv_member_struct_usbdevfs_ctrltransfer_bRequestType=yes
ac_cv_net_netmap_user_can_compile=no
ac_cv_netfilter_can_compile=yes
ac_cv_objext=o
ac_cv_path_ac_pt_PKG_CONFIG=/usr/bin/pkg-config
ac_cv_path_install='/usr/bin/install -c'
ac_cv_prog_BISON_BYACC=bison
ac_cv_prog_LEX=flex
ac_cv_prog_ac_ct_AR=ar
ac_cv_prog_ac_ct_CC=gcc
ac_cv_prog_ac_ct_RANLIB=ranlib
ac_cv_prog_cc_c11=
ac_cv_prog_cc_g=yes
ac_cv_prog_cc_stdc=
ac_cv_prog_lex_root=lex.yy
ac_cv_prog_lex_yytext_pointer=yes
ac_cv_search_putmsg=no
ac_cv_sizeof_time_t=8
ac_cv_sizeof_void_p=8
ac_cv_sys_file_offset_bits=no
ac_cv_sys_largefile_CC=no
ac_cv_sys_largefile_source=no
ac_cv_type_socklen_t=yes
tcpdump_cv_capable_lex=yes

## ----------------- ##
## Output variables. ##
## ----------------- ##

ADDLARCHIVEOBJS=''
ADDLOBJS=''
AR='ar'
BISON_BYACC='bison'
BREW=''
BUILD_RPCAPD=''
CC='gcc'
CFLAGS='-g -O2'
CPPFLAGS=''
DBUS_CFLAGS='-I/usr/include/dbus-1.0 -I/usr/lib/x86_64-linux-gnu/dbus-1.0/include'
DBUS_LIBS='-ldbus-1'
DBUS_LIBS_STATIC='-ldbus-1 -lsystemd'
DEFS='-DHAVE_CONFIG_H'
DEPENDENCY_CFLAG=''
DPDK_CFLAGS=''
DPDK_LIBS=''
DPDK_LIBS_STATIC=''
DYEXT='so'
ECHO_C=''
ECHO_N='-n'
ECHO_T=''
EXEEXT=''
INSTALL_DATA='${INSTALL} -m 644'
INSTALL_PROGRAM='${INSTALL}'
INSTALL_RPCAPD=''
INSTALL_SCRIPT='${INSTALL}'
LDFLAGS=''
LEX='flex'
LEXLIB=''
LEX_OUTPUT_ROOT='lex.yy'
LIBIBVERBS_CFLAGS=''
LIBIBVERBS_LIBS=''
LIBIBVERBS_LIBS_STATIC=''
LIBNL_CFLAGS=''
LIBNL_LIBS=''
LIBNL_LIBS_STATIC=''
LIBOBJS=' ${LIBOBJDIR}strlcat$U.o ${LIBOBJDIR}strlcpy$U.o'
LIBS=' -ldbus-1 '
LIBS_PRIVATE=''
LIBS_STATIC=' -ldbus-1 -lsystemd '
LN_S='ln -s'
LTLIBOBJS=' ${LIBOBJDIR}strlcat$U.lo ${LIBOBJDIR}strlcpy$U.lo'
MAN_ADMIN_COMMANDS='8'
MAN_DEVICES='4'
MAN_FILE_FORMATS='5'
MAN_MISC_INFO='7'
MKDEP=''
MODULE_C_SRC=' pcap-usb-linux.c pcap-netfilter-linux.c pcap-dbus.c'
OBJEXT='o'
OPENSSL_CFLAGS=''
OPENSSL_LIBS=''
OPENSSL_LIBS_STATIC=''
PACKAGE_BUGREPORT='https://github.com/the-tcpdump-group/libpcap/issues'
PACKAGE_NAME='pcap'
PACKAGE_STRING='pcap 1.11.0-PRE-GIT'
PACKAGE_TARNAME='pcap'
PACKAGE_URL=''
PACKAGE_VERSION='1.11.0-PRE-GIT'
PATH_SEPARATOR=':'
PCAP_SUPPORT_BT=''
PCAP_SUPPORT_DBUS=''
PCAP_SUPPORT_DPDK=''
PCAP_SUPPORT_LINUX_USBMON=''
PCAP_SUPPORT_NETFILTER=''
PCAP_SUPPORT_NETMAP=''
PCAP_SUPPORT_RDMASNIFF=''
PKG_CONFIG='/usr/bin/pkg-config'
PKG_CONFIG_LIBDIR=''
PKG_CONFIG_PATH=''
PLATFORM_C_SRC='pcap-linux.c fad-getad.c'
PTHREAD_LIBS=''
RANLIB='ranlib'
REENTRANT_PARSER='%define api.pure'
REMOTE_C_SRC=''
REQUIRES_PRIVATE=' dbus-1'
RPATH='-Wl,-rpath,${libdir}'
RPCAPD_LIBS=''
SHELL='/bin/bash'
VALGRINDTEST_SRC='valgrindtest.c'
V_CCOPT=' -fvisibility=hidden'
V_DEFS=''
V_INCLS=' -I/usr/include/dbus-1.0 -I/usr/lib/x86_64-linux-gnu/dbus-1.0/include'
V_LIB_CCOPT_FAT=''
V_LIB_LDFLAGS_FAT=''
V_PROG_CCOPT_FAT=''
V_PROG_LDFLAGS_FAT=''
V_SHLIB_CCOPT=' -fpic'
V_SHLIB_CMD='$(CC)'
V_SHLIB_OPT='-shared'
V_SONAME_OPT='-Wl,-soname,'
ac_ct_CC='gcc'
bindir='${exec_prefix}/bin'
build='x86_64-pc-linux-gnu'
build_alias=''
build_cpu='x86_64'
build_os='linux-gnu'
build_vendor='pc'
datadir='${datarootdir}'
datarootdir='${prefix}/share'
docdir='${datarootdir}/doc/${PACKAGE_TARNAME}'
dvidir='${docdir}'
exec_prefix='${prefix}'
host='x86_64-pc-linux-gnu'
host_alias=''
host_cpu='x86_64'
host_os='linux-gnu'
host_vendor='pc'
htmldir='${docdir}'
includedir='${prefix}/include'
infodir='${datarootdir}/info'
libdir='${exec_prefix}/lib'
libexecdir='${exec_prefix}/libexec'
localedir='${datarootdir}/locale'
localstatedir='${prefix}/var'
mandir='${datarootdir}/man'
oldincludedir='/usr/include'
pdfdir='${docdir}'
prefix='/usr/local'
program_transform_name='s,x,x,'
psdir='${docdir}'
runstatedir='${localstatedir}/run'
sbindir='${exec_prefix}/sbin'
sharedstatedir='${prefix}/com'
sysconfdir='${prefix}/etc'
target_alias=''

## ----------- ##
## confdefs.h. ##
## ----------- ##

/* confdefs.h */
#define PACKAGE_NAME "pcap"
#define PACKAGE_TARNAME "pcap"
#define PACKAGE_VERSION "1.11.0-PRE-GIT"
#define PACKAGE_STRING "pcap 1.11.0-PRE-GIT"
#define PACKAGE_BUGREPORT "https://github.com/the-tcpdump-group/libpcap/issues"
#define PACKAGE_URL ""
#define HAVE_STDIO_H 1
#define HAVE_STDLIB_H 1
#define HAVE_STRING_H 1
#define HAVE_INTTYPES_H 1
#define HAVE_STDINT_H 1
#define HAVE_STRINGS_H 1
#define HAVE_SYS_STAT_H 1
#define HAVE_SYS_TYPES_H 1
#define HAVE_UNISTD_H 1
#define STDC_HEADERS 1
#define SIZEOF_VOID_P 8
#define SIZEOF_TIME_T 8
#define HAVE___ATOMIC_LOAD_N 1
#define HAVE___ATOMIC_STORE_N 1
#define HAVE_FSEEKO 1
#define HAVE_NETPACKET_PACKET_H 1
#define HAVE_GNU_STRERROR_R /**/
#define HAVE_VSYSLOG 1
#define HAVE_VASPRINTF 1
#define HAVE_ASPRINTF 1
#define HAVE_STRTOK_R 1
#define HAVE_FFS 1
#define STRINGS_H_DECLARES_FFS /**/
#define HAVE_LINUX_GETNETBYNAME_R 1
#define HAVE_LINUX_GETPROTOBYNAME_R 1
#define HAVE_ETHER_HOSTTON 1
#define NETINET_ETHER_H_DECLARES_ETHER_HOSTTON /**/
#define HAVE_DECL_ETHER_HOSTTON 1
#define HAVE_LINUX_SOCKET_H 1
#define HAVE_LINUX_WIRELESS_H 1
#define HAVE_STRUCT_TPACKET_AUXDATA_TP_VLAN_TCI 1
#define HAVE_LINUX_NET_TSTAMP_H 1
#define HAVE_SOCKLEN_T 1
#define INET6 1
#define YYTEXT_POINTER 1
#define PCAP_SUPPORT_LINUX_USBMON 1
#define HAVE_LINUX_USBDEVICE_FS_H 1
#define HAVE_STRUCT_USBDEVFS_CTRLTRANSFER_BREQUESTTYPE 1
#define PCAP_SUPPORT_NETFILTER 1
#define PCAP_SUPPORT_DBUS 1

configure: exit 0

## ---------------------- ##
## Running config.status. ##
## ---------------------- ##

This file was extended by pcap config.status 1.11.0-PRE-GIT, which was
generated by GNU Autoconf 2.71.  Invocation command line was

  CONFIG_FILES    = 
  CONFIG_HEADERS  = 
  CONFIG_LINKS    = 
  CONFIG_COMMANDS = 
  $ ./config.status --file=libpcap.pc.tmp:./libpcap.pc.in

on evermatos

config.status:924: creating libpcap.pc.tmp

## ---------------------- ##
## Running config.status. ##
## ---------------------- ##

This file was extended by pcap config.status 1.11.0-PRE-GIT, which was
generated by GNU Autoconf 2.71.  Invocation command line was

  CONFIG_FILES    = 
  CONFIG_HEADERS  = 
  CONFIG_LINKS    = 
  CONFIG_COMMANDS = 
  $ ./config.status --file=pcap-config.tmp:./pcap-config.in

on evermatos

config.status:924: creating pcap-config.tmp
